#
# There is insufficient memory for the Java Runtime Environment to continue.
# Native memory allocation (mmap) failed to map 13631488 bytes. Error detail: G1 virtual space
# Possible reasons:
#   The system is out of physical RAM or swap space
#   This process is running with CompressedOops enabled, and the Java Heap may be blocking the growth of the native heap
# Possible solutions:
#   Reduce memory load on the system
#   Increase physical memory or swap space
#   Check if swap backing store is full
#   Decrease Java heap size (-Xmx/-Xms)
#   Decrease number of Java threads
#   Decrease Java thread stack sizes (-Xss)
#   Set larger code cache with -XX:ReservedCodeCacheSize=
#   JVM is running with Unscaled Compressed Oops mode in which the Java heap is
#     placed in the first 4GB address space. The Java Heap base address is the
#     maximum limit for the native heap growth. Please use -XX:HeapBaseMinAddress
#     to set the Java Heap base and to place the Java Heap above 4GB virtual address.
# This output file may be truncated or incomplete.
#
#  Out of Memory Error (os_windows.cpp:3616), pid=13892, tid=18852
#
# JRE version: OpenJDK Runtime Environment Temurin-21.0.5+11 (21.0.5+11) (build 21.0.5+11-LTS)
# Java VM: OpenJDK 64-Bit Server VM Temurin-21.0.5+11 (21.0.5+11-LTS, mixed mode, emulated-client, tiered, compressed oops, compressed class ptrs, g1 gc, windows-amd64)
# No core dump will be written. Minidumps are not enabled by default on client versions of Windows
#

---------------  S U M M A R Y ------------

Command Line: -Dcom.sun.management.jmxremote -Dcom.sun.management.jmxremote.port=52108 -Dcom.sun.management.jmxremote.authenticate=false -Dcom.sun.management.jmxremote.ssl=false -Djava.rmi.server.hostname=localhost -Dspring.jmx.enabled=true -Dmanagement.endpoints.jmx.exposure.include=* -Dspring.application.admin.enabled=true -XX:TieredStopAtLevel=1 -Dspring.boot.project.name=ASMJAVA5 -Dfile.encoding=UTF-8 -Dstdout.encoding=UTF-8 -Dstderr.encoding=UTF-8 -XX:+ShowCodeDetailsInExceptionMessages poly.edu.Ps39199NguyenNhutKhaAssignmentApplication --spring.output.ansi.enabled=always

Host: 11th Gen Intel(R) Core(TM) i5-1135G7 @ 2.40GHz, 8 cores, 7G,  Windows 11 , 64 bit Build 26100 (10.0.26100.3037)
Time: Fri Feb  7 14:19:19 2025 SE Asia Standard Time elapsed time: 15.828890 seconds (0d 0h 0m 15s)

---------------  T H R E A D  ---------------

Current thread (0x0000018cbc048330):  VMThread "VM Thread"          [id=18852, stack(0x00000013adf00000,0x00000013ae000000) (1024K)]

Stack: [0x00000013adf00000,0x00000013ae000000]
Native frames: (J=compiled Java code, j=interpreted, Vv=VM code, C=native code)
V  [jvm.dll+0x6cd4e9]
V  [jvm.dll+0x8a7941]
V  [jvm.dll+0x8a9e6e]
V  [jvm.dll+0x8aa543]
V  [jvm.dll+0x27f6d6]
V  [jvm.dll+0x6c9c25]
V  [jvm.dll+0x6be84a]
V  [jvm.dll+0x355c6a]
V  [jvm.dll+0x35d836]
V  [jvm.dll+0x3af40e]
V  [jvm.dll+0x3af6b8]
V  [jvm.dll+0x329dfc]
V  [jvm.dll+0x329e87]
V  [jvm.dll+0x36dc4c]
V  [jvm.dll+0x36c498]
V  [jvm.dll+0x3295c1]
V  [jvm.dll+0x36bb0a]
V  [jvm.dll+0x8b025f]
V  [jvm.dll+0x8b15e4]
V  [jvm.dll+0x8b1b20]
V  [jvm.dll+0x8b1dc3]
V  [jvm.dll+0x8514fb]
V  [jvm.dll+0x6cbbed]
C  [ucrtbase.dll+0x37b0]
C  [KERNEL32.DLL+0x2e8d7]
C  [ntdll.dll+0xbbf2c]

VM_Operation (0x00000013afaf93b0): G1CollectForAllocation, mode: safepoint, requested by thread 0x0000018cbd17a860


---------------  P R O C E S S  ---------------

Threads class SMR info:
_java_thread_list=0x0000018cbdc413f0, length=27, elements={
0x0000018cabe773c0, 0x0000018cbc088c00, 0x0000018cbc0b0270, 0x0000018cbc0bbf00,
0x0000018cbc0bc950, 0x0000018cbc0bd3a0, 0x0000018cbc0b7d00, 0x0000018cbc0eec80,
0x0000018cbc1ba640, 0x0000018cbc1a54c0, 0x0000018cbc304560, 0x0000018cbc1a4df0,
0x0000018cbc8be840, 0x0000018cbca36a00, 0x0000018cbca615b0, 0x0000018cbd124eb0,
0x0000018cbd132bd0, 0x0000018cbd153a70, 0x0000018cbd166cd0, 0x0000018cbd1799a0,
0x0000018cbd17a860, 0x0000018cbd17aef0, 0x0000018cbd17b580, 0x0000018cbd17d650,
0x0000018cbd17dce0, 0x0000018cbd17bc10, 0x0000018cbd17c2a0
}

Java Threads: ( => current thread )
  0x0000018cabe773c0 JavaThread "main"                              [_thread_blocked, id=13032, stack(0x00000013ad800000,0x00000013ad900000) (1024K)]
  0x0000018cbc088c00 JavaThread "Reference Handler"          daemon [_thread_blocked, id=15724, stack(0x00000013ae000000,0x00000013ae100000) (1024K)]
  0x0000018cbc0b0270 JavaThread "Finalizer"                  daemon [_thread_blocked, id=17736, stack(0x00000013ae100000,0x00000013ae200000) (1024K)]
  0x0000018cbc0bbf00 JavaThread "Signal Dispatcher"          daemon [_thread_blocked, id=17500, stack(0x00000013ae200000,0x00000013ae300000) (1024K)]
  0x0000018cbc0bc950 JavaThread "Attach Listener"            daemon [_thread_blocked, id=8388, stack(0x00000013ae300000,0x00000013ae400000) (1024K)]
  0x0000018cbc0bd3a0 JavaThread "Service Thread"             daemon [_thread_blocked, id=6844, stack(0x00000013ae400000,0x00000013ae500000) (1024K)]
  0x0000018cbc0b7d00 JavaThread "Monitor Deflation Thread"   daemon [_thread_blocked, id=4296, stack(0x00000013ae500000,0x00000013ae600000) (1024K)]
  0x0000018cbc0eec80 JavaThread "C1 CompilerThread0"         daemon [_thread_blocked, id=14496, stack(0x00000013ae600000,0x00000013ae700000) (1024K)]
  0x0000018cbc1ba640 JavaThread "Common-Cleaner"             daemon [_thread_blocked, id=13564, stack(0x00000013ae700000,0x00000013ae800000) (1024K)]
  0x0000018cbc1a54c0 JavaThread "C1 CompilerThread1"         daemon [_thread_blocked, id=2928, stack(0x00000013ae800000,0x00000013ae900000) (1024K)]
  0x0000018cbc304560 JavaThread "Notification Thread"        daemon [_thread_blocked, id=17792, stack(0x00000013aeb00000,0x00000013aec00000) (1024K)]
  0x0000018cbc1a4df0 JavaThread "C1 CompilerThread2"         daemon [_thread_blocked, id=18464, stack(0x00000013ae900000,0x00000013aea00000) (1024K)]
  0x0000018cbc8be840 JavaThread "RMI TCP Accept-0"           daemon [_thread_in_native, id=16772, stack(0x00000013aea00000,0x00000013aeb00000) (1024K)]
  0x0000018cbca36a00 JavaThread "RMI TCP Accept-52108"       daemon [_thread_in_native, id=16448, stack(0x00000013aec00000,0x00000013aed00000) (1024K)]
  0x0000018cbca615b0 JavaThread "RMI TCP Accept-0"           daemon [_thread_in_native, id=9980, stack(0x00000013aed00000,0x00000013aee00000) (1024K)]
  0x0000018cbd124eb0 JavaThread "RMI TCP Connection(1)-127.0.0.1" daemon [_thread_in_native, id=10496, stack(0x00000013af500000,0x00000013af600000) (1024K)]
  0x0000018cbd132bd0 JavaThread "RMI Scheduler(0)"           daemon [_thread_blocked, id=18628, stack(0x00000013af600000,0x00000013af700000) (1024K)]
  0x0000018cbd153a70 JavaThread "RMI TCP Connection(2)-127.0.0.1" daemon [_thread_blocked, id=12116, stack(0x00000013af700000,0x00000013af800000) (1024K)]
  0x0000018cbd166cd0 JavaThread "JMX server connection timeout 35" daemon [_thread_blocked, id=9680, stack(0x00000013af800000,0x00000013af900000) (1024K)]
  0x0000018cbd1799a0 JavaThread "Thread-0"                          [_thread_blocked, id=8400, stack(0x00000013af900000,0x00000013afa00000) (1024K)]
  0x0000018cbd17a860 JavaThread "restartedMain"                     [_thread_blocked, id=17716, stack(0x00000013afa00000,0x00000013afb00000) (1024K)]
  0x0000018cbd17aef0 JavaThread "Catalina-utility-1"                [_thread_blocked, id=7984, stack(0x00000013afc00000,0x00000013afd00000) (1024K)]
  0x0000018cbd17b580 JavaThread "Catalina-utility-2"                [_thread_blocked, id=18000, stack(0x00000013afe00000,0x00000013aff00000) (1024K)]
  0x0000018cbd17d650 JavaThread "container-0"                       [_thread_blocked, id=2316, stack(0x00000013aff00000,0x00000013b0000000) (1024K)]
  0x0000018cbd17dce0 JavaThread "mssql-jdbc-shared-timer-core-0" daemon [_thread_blocked, id=15120, stack(0x00000013b0100000,0x00000013b0200000) (1024K)]
  0x0000018cbd17bc10 JavaThread "HikariPool-1 housekeeper"   daemon [_thread_blocked, id=9804, stack(0x00000013b0200000,0x00000013b0300000) (1024K)]
  0x0000018cbd17c2a0 JavaThread "HikariPool-1 connection adder" daemon [_thread_blocked, id=15964, stack(0x00000013b0300000,0x00000013b0400000) (1024K)]
Total: 27

Other Threads:
=>0x0000018cbc048330 VMThread "VM Thread"                           [id=18852, stack(0x00000013adf00000,0x00000013ae000000) (1024K)]
  0x0000018cb7474310 WatcherThread "VM Periodic Task Thread"        [id=10604, stack(0x00000013ade00000,0x00000013adf00000) (1024K)]
  0x0000018cabecfe50 WorkerThread "GC Thread#0"                     [id=15000, stack(0x00000013ad900000,0x00000013ada00000) (1024K)]
  0x0000018cbd0a12f0 WorkerThread "GC Thread#1"                     [id=8424, stack(0x00000013aee00000,0x00000013aef00000) (1024K)]
  0x0000018cbd0a1690 WorkerThread "GC Thread#2"                     [id=5400, stack(0x00000013aef00000,0x00000013af000000) (1024K)]
  0x0000018cbcbda7e0 WorkerThread "GC Thread#3"                     [id=18572, stack(0x00000013af000000,0x00000013af100000) (1024K)]
  0x0000018cbd0db550 WorkerThread "GC Thread#4"                     [id=15172, stack(0x00000013af100000,0x00000013af200000) (1024K)]
  0x0000018cbd0e1ac0 WorkerThread "GC Thread#5"                     [id=10944, stack(0x00000013af200000,0x00000013af300000) (1024K)]
  0x0000018cbd0e2260 WorkerThread "GC Thread#6"                     [id=17596, stack(0x00000013af300000,0x00000013af400000) (1024K)]
  0x0000018cbd0e5c20 WorkerThread "GC Thread#7"                     [id=16508, stack(0x00000013af400000,0x00000013af500000) (1024K)]
  0x0000018cabf1f7b0 ConcurrentGCThread "G1 Main Marker"            [id=13188, stack(0x00000013ada00000,0x00000013adb00000) (1024K)]
  0x0000018cabf201c0 WorkerThread "G1 Conc#0"                       [id=2176, stack(0x00000013adb00000,0x00000013adc00000) (1024K)]
  0x0000018cbd0e4da0 WorkerThread "G1 Conc#1"                       [id=13944, stack(0x00000013afb00000,0x00000013afc00000) (1024K)]
  0x0000018cb7348a70 ConcurrentGCThread "G1 Refine#0"               [id=11564, stack(0x00000013adc00000,0x00000013add00000) (1024K)]
  0x0000018cb73494f0 ConcurrentGCThread "G1 Service"                [id=17356, stack(0x00000013add00000,0x00000013ade00000) (1024K)]
Total: 15

Threads with active compile tasks:
Total: 0

VM state: at safepoint (normal execution)

VM Mutex/Monitor currently owned by a thread:  ([mutex/lock_event])
[0x00007ffffc0ad380] Threads_lock - owner thread: 0x0000018cbc048330
[0x00007ffffc0ad480] Heap_lock - owner thread: 0x0000018cbd17a860

Heap address: 0x0000000083600000, size: 1994 MB, Compressed Oops mode: 32-bit

CDS archive(s) not mapped
Compressed class space mapped at: 0x0000000100000000-0x0000000140000000, reserved size: 1073741824
Narrow klass base: 0x0000000000000000, Narrow klass shift: 3, Narrow klass range: 0x140000000

GC Precious Log:
 CardTable entry size: 512
 Card Set container configuration: InlinePtr #cards 5 size 8 Array Of Cards #cards 12 size 40 Howl #buckets 4 coarsen threshold 1843 Howl Bitmap #cards 512 size 80 coarsen threshold 460 Card regions per heap region 1 cards per card region 2048
 CPUs: 8 total, 8 available
 Memory: 7971M
 Large Page Support: Disabled
 NUMA Support: Disabled
 Compressed Oops: Enabled (32-bit)
 Heap Region Size: 1M
 Heap Min Capacity: 8M
 Heap Initial Capacity: 126M
 Heap Max Capacity: 1994M
 Pre-touch: Disabled
 Parallel Workers: 8
 Concurrent Workers: 2
 Concurrent Refinement Workers: 8
 Periodic GC: Disabled

Heap:
 garbage-first heap   total 46080K, used 23746K [0x0000000083600000, 0x0000000100000000)
  region size 1024K, 3 young (3072K), 3 survivors (3072K)
 Metaspace       used 55851K, committed 56512K, reserved 1114112K
  class space    used 7003K, committed 7296K, reserved 1048576K

Heap Regions: E=young(eden), S=young(survivor), O=old, HS=humongous(starts), HC=humongous(continues), CS=collection set, F=free, TAMS=top-at-mark-start, PB=parsable bottom
|   0|0x0000000083600000, 0x0000000083700000, 0x0000000083700000|100%|HS|  |TAMS 0x0000000083600000| PB 0x0000000083600000| Complete 
|   1|0x0000000083700000, 0x0000000083800000, 0x0000000083800000|100%|HS|  |TAMS 0x0000000083700000| PB 0x0000000083700000| Complete 
|   2|0x0000000083800000, 0x0000000083900000, 0x0000000083900000|100%| O|  |TAMS 0x0000000083800000| PB 0x0000000083800000| Untracked 
|   3|0x0000000083900000, 0x0000000083a00000, 0x0000000083a00000|100%| O|  |TAMS 0x0000000083900000| PB 0x0000000083900000| Untracked 
|   4|0x0000000083a00000, 0x0000000083b00000, 0x0000000083b00000|100%| O|  |TAMS 0x0000000083a00000| PB 0x0000000083a00000| Untracked 
|   5|0x0000000083b00000, 0x0000000083c00000, 0x0000000083c00000|100%| O|  |TAMS 0x0000000083b00000| PB 0x0000000083b00000| Untracked 
|   6|0x0000000083c00000, 0x0000000083d00000, 0x0000000083d00000|100%| O|  |TAMS 0x0000000083c00000| PB 0x0000000083c00000| Untracked 
|   7|0x0000000083d00000, 0x0000000083e00000, 0x0000000083e00000|100%| O|  |TAMS 0x0000000083d00000| PB 0x0000000083d00000| Untracked 
|   8|0x0000000083e00000, 0x0000000083f00000, 0x0000000083f00000|100%| O|  |TAMS 0x0000000083e00000| PB 0x0000000083e00000| Untracked 
|   9|0x0000000083f00000, 0x0000000084000000, 0x0000000084000000|100%| O|  |TAMS 0x0000000083f00000| PB 0x0000000083f00000| Untracked 
|  10|0x0000000084000000, 0x0000000084100000, 0x0000000084100000|100%| O|  |TAMS 0x0000000084000000| PB 0x0000000084000000| Untracked 
|  11|0x0000000084100000, 0x0000000084200000, 0x0000000084200000|100%| O|  |TAMS 0x0000000084100000| PB 0x0000000084100000| Untracked 
|  12|0x0000000084200000, 0x0000000084300000, 0x0000000084300000|100%| O|  |TAMS 0x0000000084200000| PB 0x0000000084200000| Untracked 
|  13|0x0000000084300000, 0x0000000084400000, 0x0000000084400000|100%| O|Cm|TAMS 0x0000000084300000| PB 0x0000000084300000| Complete 
|  14|0x0000000084400000, 0x0000000084500000, 0x0000000084500000|100%| O|  |TAMS 0x0000000084400000| PB 0x0000000084400000| Untracked 
|  15|0x0000000084500000, 0x0000000084600000, 0x0000000084600000|100%| O|  |TAMS 0x0000000084500000| PB 0x0000000084500000| Untracked 
|  16|0x0000000084600000, 0x0000000084700000, 0x0000000084700000|100%| O|  |TAMS 0x0000000084600000| PB 0x0000000084600000| Untracked 
|  17|0x0000000084700000, 0x0000000084800000, 0x0000000084800000|100%| O|  |TAMS 0x0000000084700000| PB 0x0000000084700000| Untracked 
|  18|0x0000000084800000, 0x0000000084900000, 0x0000000084900000|100%| O|  |TAMS 0x0000000084800000| PB 0x0000000084800000| Untracked 
|  19|0x0000000084900000, 0x0000000084a00000, 0x0000000084a00000|100%| O|  |TAMS 0x0000000084900000| PB 0x0000000084900000| Untracked 
|  20|0x0000000084a00000, 0x0000000084b00000, 0x0000000084b00000|100%| O|  |TAMS 0x0000000084a00000| PB 0x0000000084a00000| Untracked 
|  21|0x0000000084b00000, 0x0000000084b15d68, 0x0000000084c00000|  8%| O|  |TAMS 0x0000000084b00000| PB 0x0000000084b00000| Untracked 
|  22|0x0000000084c00000, 0x0000000084c00000, 0x0000000084d00000|  0%| F|  |TAMS 0x0000000084c00000| PB 0x0000000084c00000| Untracked 
|  23|0x0000000084d00000, 0x0000000084d1ae30, 0x0000000084e00000| 10%| S|CS|TAMS 0x0000000084d00000| PB 0x0000000084d00000| Complete 
|  24|0x0000000084e00000, 0x0000000084f00000, 0x0000000084f00000|100%| S|CS|TAMS 0x0000000084e00000| PB 0x0000000084e00000| Complete 
|  25|0x0000000084f00000, 0x0000000085000000, 0x0000000085000000|100%| S|CS|TAMS 0x0000000084f00000| PB 0x0000000084f00000| Complete 
|  26|0x0000000085000000, 0x0000000085000000, 0x0000000085100000|  0%| F|  |TAMS 0x0000000085000000| PB 0x0000000085000000| Untracked 
|  27|0x0000000085100000, 0x0000000085100000, 0x0000000085200000|  0%| F|  |TAMS 0x0000000085100000| PB 0x0000000085100000| Untracked 
|  28|0x0000000085200000, 0x0000000085200000, 0x0000000085300000|  0%| F|  |TAMS 0x0000000085200000| PB 0x0000000085200000| Untracked 
|  29|0x0000000085300000, 0x0000000085300000, 0x0000000085400000|  0%| F|  |TAMS 0x0000000085300000| PB 0x0000000085300000| Untracked 
|  30|0x0000000085400000, 0x0000000085400000, 0x0000000085500000|  0%| F|  |TAMS 0x0000000085400000| PB 0x0000000085400000| Untracked 
|  31|0x0000000085500000, 0x0000000085500000, 0x0000000085600000|  0%| F|  |TAMS 0x0000000085500000| PB 0x0000000085500000| Untracked 
|  32|0x0000000085600000, 0x0000000085600000, 0x0000000085700000|  0%| F|  |TAMS 0x0000000085600000| PB 0x0000000085600000| Untracked 
|  33|0x0000000085700000, 0x0000000085700000, 0x0000000085800000|  0%| F|  |TAMS 0x0000000085700000| PB 0x0000000085700000| Untracked 
|  34|0x0000000085800000, 0x0000000085800000, 0x0000000085900000|  0%| F|  |TAMS 0x0000000085800000| PB 0x0000000085800000| Untracked 
|  35|0x0000000085900000, 0x0000000085900000, 0x0000000085a00000|  0%| F|  |TAMS 0x0000000085900000| PB 0x0000000085900000| Untracked 
|  36|0x0000000085a00000, 0x0000000085a00000, 0x0000000085b00000|  0%| F|  |TAMS 0x0000000085a00000| PB 0x0000000085a00000| Untracked 
|  37|0x0000000085b00000, 0x0000000085b00000, 0x0000000085c00000|  0%| F|  |TAMS 0x0000000085b00000| PB 0x0000000085b00000| Untracked 
|  38|0x0000000085c00000, 0x0000000085c00000, 0x0000000085d00000|  0%| F|  |TAMS 0x0000000085c00000| PB 0x0000000085c00000| Untracked 
|  39|0x0000000085d00000, 0x0000000085d00000, 0x0000000085e00000|  0%| F|  |TAMS 0x0000000085d00000| PB 0x0000000085d00000| Untracked 
|  40|0x0000000085e00000, 0x0000000085e00000, 0x0000000085f00000|  0%| F|  |TAMS 0x0000000085e00000| PB 0x0000000085e00000| Untracked 
|  41|0x0000000085f00000, 0x0000000085f00000, 0x0000000086000000|  0%| F|  |TAMS 0x0000000085f00000| PB 0x0000000085f00000| Untracked 
|  97|0x0000000089700000, 0x0000000089700000, 0x0000000089800000|  0%| F|  |TAMS 0x0000000089700000| PB 0x0000000089700000| Untracked 
|  98|0x0000000089800000, 0x0000000089800000, 0x0000000089900000|  0%| F|  |TAMS 0x0000000089800000| PB 0x0000000089800000| Untracked 
| 125|0x000000008b300000, 0x000000008b300000, 0x000000008b400000|  0%| F|  |TAMS 0x000000008b300000| PB 0x000000008b300000| Untracked 

Card table byte_map: [0x0000018cb2e80000,0x0000018cb3270000] _byte_map_base: 0x0000018cb2a65000

Marking Bits: (CMBitMap*) 0x0000018cabed0460
 Bits: [0x0000018cb3270000, 0x0000018cb5198000)

Polling page: 0x0000018cab540000

Metaspace:

Usage:
  Non-class:     47.70 MB used.
      Class:      6.84 MB used.
       Both:     54.54 MB used.

Virtual space:
  Non-class space:       64.00 MB reserved,      48.06 MB ( 75%) committed,  1 nodes.
      Class space:        1.00 GB reserved,       7.12 MB ( <1%) committed,  1 nodes.
             Both:        1.06 GB reserved,      55.19 MB (  5%) committed. 

Chunk freelists:
   Non-Class:  15.70 MB
       Class:  8.80 MB
        Both:  24.50 MB

MaxMetaspaceSize: unlimited
CompressedClassSpaceSize: 1.00 GB
Initial GC threshold: 21.00 MB
Current GC threshold: 80.88 MB
CDS: off
 - commit_granule_bytes: 65536.
 - commit_granule_words: 8192.
 - virtual_space_node_default_size: 8388608.
 - enlarge_chunks_in_place: 1.
 - use_allocation_guard: 0.


Internal statistics:

num_allocs_failed_limit: 6.
num_arena_births: 850.
num_arena_deaths: 0.
num_vsnodes_births: 2.
num_vsnodes_deaths: 0.
num_space_committed: 883.
num_space_uncommitted: 0.
num_chunks_returned_to_freelist: 6.
num_chunks_taken_from_freelist: 2377.
num_chunk_merges: 6.
num_chunk_splits: 1644.
num_chunks_enlarged: 1190.
num_inconsistent_stats: 0.

CodeCache: size=49152Kb used=9952Kb max_used=10442Kb free=39199Kb
 bounds [0x0000018caf980000, 0x0000018cb03c0000, 0x0000018cb2980000]
 total_blobs=5391 nmethods=4744 adapters=568
 compilation: enabled
              stopped_count=0, restarted_count=0
 full_count=0

Compilation events (20 events):
Event: 13.020 Thread 0x0000018cbc1a4df0 4799       1       java.io.ObjectStreamClass::checkSerialize (20 bytes)
Event: 13.020 Thread 0x0000018cbc1a4df0 nmethod 4799 0x0000018caffdc490 code [0x0000018caffdc660, 0x0000018caffdc868]
Event: 13.020 Thread 0x0000018cbc1a4df0 4797       1       java.io.ObjectOutputStream$BlockDataOutputStream::writeUTF (11 bytes)
Event: 13.020 Thread 0x0000018cbc1a4df0 nmethod 4797 0x0000018caffdc110 code [0x0000018caffdc2c0, 0x0000018caffdc3e8]
Event: 13.020 Thread 0x0000018cbc1a4df0 4802       1       java.lang.ThreadLocal::set (26 bytes)
Event: 13.021 Thread 0x0000018cbc0eec80 nmethod 4798 0x0000018caffdaf90 code [0x0000018caffdb240, 0x0000018caffdb960]
Event: 13.021 Thread 0x0000018cbc1a54c0 nmethod 4800 0x0000018caffd9f10 code [0x0000018caffda160, 0x0000018caffdaa28]
Event: 13.021 Thread 0x0000018cbc1a4df0 nmethod 4802 0x0000018caffd9a90 code [0x0000018caffd9c60, 0x0000018caffd9e10]
Event: 13.572 Thread 0x0000018cbc1a54c0 4804       1       java.lang.Long::getChars (195 bytes)
Event: 13.572 Thread 0x0000018cbc0eec80 4803       1       java.lang.Long::stringSize (55 bytes)
Event: 13.573 Thread 0x0000018cbc1a4df0 4806       1       java.io.ObjectStreamClass$FieldReflector::getPrimFieldValues (317 bytes)
Event: 13.573 Thread 0x0000018cbc0eec80 nmethod 4803 0x0000018caffd9710 code [0x0000018caffd98a0, 0x0000018caffd99f0]
Event: 13.573 Thread 0x0000018cbc0eec80 4805       1       java.io.ObjectOutputStream$BlockDataOutputStream::write (152 bytes)
Event: 13.573 Thread 0x0000018cbc1a54c0 nmethod 4804 0x0000018caffd8e10 code [0x0000018caffd8fe0, 0x0000018caffd93f0]
Event: 13.573 Thread 0x0000018cbc1a54c0 4807   !   1       jdk.internal.misc.ScopedMemoryAccess::copyMemory (27 bytes)
Event: 13.573 Thread 0x0000018cbc1a54c0 nmethod 4807 0x0000018caffd8810 code [0x0000018caffd89e0, 0x0000018caffd8c30]
Event: 13.573 Thread 0x0000018cbc1a54c0 4808   !   1       jdk.internal.misc.ScopedMemoryAccess::copyMemoryInternal (56 bytes)
Event: 13.573 Thread 0x0000018cbc0eec80 nmethod 4805 0x0000018caffd8090 code [0x0000018caffd8280, 0x0000018caffd8640]
Event: 13.573 Thread 0x0000018cbc1a54c0 nmethod 4808 0x0000018caffd7210 code [0x0000018caffd7480, 0x0000018caffd7a00]
Event: 13.574 Thread 0x0000018cbc1a4df0 nmethod 4806 0x0000018caffd6010 code [0x0000018caffd6260, 0x0000018caffd6a58]

GC Heap History (20 events):
Event: 8.336 GC heap after
{Heap after GC invocations=4 (full 0):
 garbage-first heap   total 37888K, used 11590K [0x0000000083600000, 0x0000000100000000)
  region size 1024K, 2 young (2048K), 2 survivors (2048K)
 Metaspace       used 26354K, committed 26688K, reserved 1114112K
  class space    used 2951K, committed 3072K, reserved 1048576K
}
Event: 8.504 GC heap before
{Heap before GC invocations=4 (full 0):
 garbage-first heap   total 37888K, used 27974K [0x0000000083600000, 0x0000000100000000)
  region size 1024K, 18 young (18432K), 2 survivors (2048K)
 Metaspace       used 29764K, committed 30208K, reserved 1114112K
  class space    used 3430K, committed 3648K, reserved 1048576K
}
Event: 8.505 GC heap after
{Heap after GC invocations=5 (full 0):
 garbage-first heap   total 37888K, used 13216K [0x0000000083600000, 0x0000000100000000)
  region size 1024K, 3 young (3072K), 3 survivors (3072K)
 Metaspace       used 29764K, committed 30208K, reserved 1114112K
  class space    used 3430K, committed 3648K, reserved 1048576K
}
Event: 8.725 GC heap before
{Heap before GC invocations=5 (full 0):
 garbage-first heap   total 37888K, used 29600K [0x0000000083600000, 0x0000000100000000)
  region size 1024K, 19 young (19456K), 3 survivors (3072K)
 Metaspace       used 31230K, committed 31680K, reserved 1114112K
  class space    used 3614K, committed 3840K, reserved 1048576K
}
Event: 8.728 GC heap after
{Heap after GC invocations=6 (full 0):
 garbage-first heap   total 37888K, used 14712K [0x0000000083600000, 0x0000000100000000)
  region size 1024K, 3 young (3072K), 3 survivors (3072K)
 Metaspace       used 31230K, committed 31680K, reserved 1114112K
  class space    used 3614K, committed 3840K, reserved 1048576K
}
Event: 8.965 GC heap before
{Heap before GC invocations=6 (full 0):
 garbage-first heap   total 37888K, used 30072K [0x0000000083600000, 0x0000000100000000)
  region size 1024K, 18 young (18432K), 3 survivors (3072K)
 Metaspace       used 32663K, committed 33088K, reserved 1114112K
  class space    used 3822K, committed 4032K, reserved 1048576K
}
Event: 8.967 GC heap after
{Heap after GC invocations=7 (full 0):
 garbage-first heap   total 46080K, used 15611K [0x0000000083600000, 0x0000000100000000)
  region size 1024K, 2 young (2048K), 2 survivors (2048K)
 Metaspace       used 32663K, committed 33088K, reserved 1114112K
  class space    used 3822K, committed 4032K, reserved 1048576K
}
Event: 9.336 GC heap before
{Heap before GC invocations=7 (full 0):
 garbage-first heap   total 46080K, used 36091K [0x0000000083600000, 0x0000000100000000)
  region size 1024K, 22 young (22528K), 2 survivors (2048K)
 Metaspace       used 35442K, committed 35968K, reserved 1114112K
  class space    used 4236K, committed 4480K, reserved 1048576K
}
Event: 9.339 GC heap after
{Heap after GC invocations=8 (full 0):
 garbage-first heap   total 46080K, used 17116K [0x0000000083600000, 0x0000000100000000)
  region size 1024K, 3 young (3072K), 3 survivors (3072K)
 Metaspace       used 35442K, committed 35968K, reserved 1114112K
  class space    used 4236K, committed 4480K, reserved 1048576K
}
Event: 9.364 GC heap before
{Heap before GC invocations=8 (full 0):
 garbage-first heap   total 46080K, used 19164K [0x0000000083600000, 0x0000000100000000)
  region size 1024K, 6 young (6144K), 3 survivors (3072K)
 Metaspace       used 35608K, committed 36096K, reserved 1114112K
  class space    used 4259K, committed 4480K, reserved 1048576K
}
Event: 9.367 GC heap after
{Heap after GC invocations=9 (full 0):
 garbage-first heap   total 46080K, used 17455K [0x0000000083600000, 0x0000000100000000)
  region size 1024K, 1 young (1024K), 1 survivors (1024K)
 Metaspace       used 35608K, committed 36096K, reserved 1114112K
  class space    used 4259K, committed 4480K, reserved 1048576K
}
Event: 9.661 GC heap before
{Heap before GC invocations=10 (full 0):
 garbage-first heap   total 46080K, used 36911K [0x0000000083600000, 0x0000000100000000)
  region size 1024K, 20 young (20480K), 1 survivors (1024K)
 Metaspace       used 38825K, committed 39296K, reserved 1114112K
  class space    used 4735K, committed 4928K, reserved 1048576K
}
Event: 9.664 GC heap after
{Heap after GC invocations=11 (full 0):
 garbage-first heap   total 46080K, used 19222K [0x0000000083600000, 0x0000000100000000)
  region size 1024K, 3 young (3072K), 3 survivors (3072K)
 Metaspace       used 38825K, committed 39296K, reserved 1114112K
  class space    used 4735K, committed 4928K, reserved 1048576K
}
Event: 9.876 GC heap before
{Heap before GC invocations=11 (full 0):
 garbage-first heap   total 46080K, used 37654K [0x0000000083600000, 0x0000000100000000)
  region size 1024K, 21 young (21504K), 3 survivors (3072K)
 Metaspace       used 41419K, committed 41920K, reserved 1114112K
  class space    used 5031K, committed 5248K, reserved 1048576K
}
Event: 9.879 GC heap after
{Heap after GC invocations=12 (full 0):
 garbage-first heap   total 46080K, used 20725K [0x0000000083600000, 0x0000000100000000)
  region size 1024K, 2 young (2048K), 2 survivors (2048K)
 Metaspace       used 41419K, committed 41920K, reserved 1114112K
  class space    used 5031K, committed 5248K, reserved 1048576K
}
Event: 10.147 GC heap before
{Heap before GC invocations=12 (full 0):
 garbage-first heap   total 46080K, used 39157K [0x0000000083600000, 0x0000000100000000)
  region size 1024K, 20 young (20480K), 2 survivors (2048K)
 Metaspace       used 45546K, committed 46080K, reserved 1114112K
  class space    used 5637K, committed 5888K, reserved 1048576K
}
Event: 10.149 GC heap after
{Heap after GC invocations=13 (full 0):
 garbage-first heap   total 46080K, used 21895K [0x0000000083600000, 0x0000000100000000)
  region size 1024K, 2 young (2048K), 2 survivors (2048K)
 Metaspace       used 45546K, committed 46080K, reserved 1114112K
  class space    used 5637K, committed 5888K, reserved 1048576K
}
Event: 10.353 GC heap before
{Heap before GC invocations=13 (full 0):
 garbage-first heap   total 46080K, used 38279K [0x0000000083600000, 0x0000000100000000)
  region size 1024K, 19 young (19456K), 2 survivors (2048K)
 Metaspace       used 48754K, committed 49408K, reserved 1114112K
  class space    used 6181K, committed 6464K, reserved 1048576K
}
Event: 10.356 GC heap after
{Heap after GC invocations=14 (full 0):
 garbage-first heap   total 46080K, used 22359K [0x0000000083600000, 0x0000000100000000)
  region size 1024K, 2 young (2048K), 2 survivors (2048K)
 Metaspace       used 48754K, committed 49408K, reserved 1114112K
  class space    used 6181K, committed 6464K, reserved 1048576K
}
Event: 13.816 GC heap before
{Heap before GC invocations=15 (full 0):
 garbage-first heap   total 46080K, used 38743K [0x0000000083600000, 0x0000000100000000)
  region size 1024K, 19 young (19456K), 2 survivors (2048K)
 Metaspace       used 55851K, committed 56512K, reserved 1114112K
  class space    used 7003K, committed 7296K, reserved 1048576K
}

Dll operation events (11 events):
Event: 0.008 Loaded shared library D:\JAVA5\sts-4.27.0.RELEASE\plugins\org.eclipse.justj.openjdk.hotspot.jre.full.win32.x86_64_21.0.5.v20241023-1957\jre\bin\java.dll
Event: 1.063 Loaded shared library D:\JAVA5\sts-4.27.0.RELEASE\plugins\org.eclipse.justj.openjdk.hotspot.jre.full.win32.x86_64_21.0.5.v20241023-1957\jre\bin\zip.dll
Event: 4.324 Loaded shared library D:\JAVA5\sts-4.27.0.RELEASE\plugins\org.eclipse.justj.openjdk.hotspot.jre.full.win32.x86_64_21.0.5.v20241023-1957\jre\bin\jimage.dll
Event: 4.337 Loaded shared library D:\JAVA5\sts-4.27.0.RELEASE\plugins\org.eclipse.justj.openjdk.hotspot.jre.full.win32.x86_64_21.0.5.v20241023-1957\jre\bin\net.dll
Event: 4.339 Loaded shared library D:\JAVA5\sts-4.27.0.RELEASE\plugins\org.eclipse.justj.openjdk.hotspot.jre.full.win32.x86_64_21.0.5.v20241023-1957\jre\bin\nio.dll
Event: 4.345 Loaded shared library D:\JAVA5\sts-4.27.0.RELEASE\plugins\org.eclipse.justj.openjdk.hotspot.jre.full.win32.x86_64_21.0.5.v20241023-1957\jre\bin\zip.dll
Event: 4.429 Loaded shared library D:\JAVA5\sts-4.27.0.RELEASE\plugins\org.eclipse.justj.openjdk.hotspot.jre.full.win32.x86_64_21.0.5.v20241023-1957\jre\bin\management.dll
Event: 4.441 Loaded shared library D:\JAVA5\sts-4.27.0.RELEASE\plugins\org.eclipse.justj.openjdk.hotspot.jre.full.win32.x86_64_21.0.5.v20241023-1957\jre\bin\management_ext.dll
Event: 7.457 Loaded shared library D:\JAVA5\sts-4.27.0.RELEASE\plugins\org.eclipse.justj.openjdk.hotspot.jre.full.win32.x86_64_21.0.5.v20241023-1957\jre\bin\extnet.dll
Event: 8.466 Loaded shared library D:\JAVA5\sts-4.27.0.RELEASE\plugins\org.eclipse.justj.openjdk.hotspot.jre.full.win32.x86_64_21.0.5.v20241023-1957\jre\bin\sunmscapi.dll
Event: 10.187 Loaded shared library D:\JAVA5\sts-4.27.0.RELEASE\plugins\org.eclipse.justj.openjdk.hotspot.jre.full.win32.x86_64_21.0.5.v20241023-1957\jre\bin\verify.dll

Deoptimization events (2 events):
Event: 9.420 Thread 0x0000018cbd17a860 DEOPT PACKING pc=0x0000018cb01b396c sp=0x00000013afafbfc0
Event: 9.420 Thread 0x0000018cbd17a860 DEOPT UNPACKING pc=0x0000018caf9d88e2 sp=0x00000013afafb478 mode 0

Classes loaded (20 events):
Event: 10.564 Loading class java/util/JumboEnumSet
Event: 10.564 Loading class java/util/JumboEnumSet done
Event: 10.565 Loading class java/util/JumboEnumSet$EnumSetIterator
Event: 10.565 Loading class java/util/JumboEnumSet$EnumSetIterator done
Event: 10.576 Loading class java/util/regex/Pattern$Bound
Event: 10.576 Loading class java/util/regex/Pattern$Bound done
Event: 10.597 Loading class java/math/MathContext
Event: 10.597 Loading class java/math/MathContext done
Event: 10.613 Loading class java/util/concurrent/ThreadPoolExecutor$CallerRunsPolicy
Event: 10.613 Loading class java/util/concurrent/ThreadPoolExecutor$CallerRunsPolicy done
Event: 10.614 Loading class java/util/concurrent/atomic/AtomicReferenceFieldUpdater
Event: 10.614 Loading class java/util/concurrent/atomic/AtomicReferenceFieldUpdater done
Event: 10.614 Loading class java/util/concurrent/atomic/AtomicReferenceFieldUpdater$AtomicReferenceFieldUpdaterImpl
Event: 10.614 Loading class java/util/concurrent/atomic/AtomicReferenceFieldUpdater$AtomicReferenceFieldUpdaterImpl done
Event: 10.614 Loading class java/util/concurrent/atomic/AtomicReferenceFieldUpdater$AtomicReferenceFieldUpdaterImpl$1
Event: 10.614 Loading class java/util/concurrent/atomic/AtomicReferenceFieldUpdater$AtomicReferenceFieldUpdaterImpl$1 done
Event: 10.662 Loading class java/util/regex/Pattern$1MatcherIterator
Event: 10.663 Loading class java/util/regex/Pattern$1MatcherIterator done
Event: 10.687 Loading class jdk/internal/reflect/MethodHandleIntegerFieldAccessorImpl
Event: 10.688 Loading class jdk/internal/reflect/MethodHandleIntegerFieldAccessorImpl done

Classes unloaded (0 events):
No events

Classes redefined (0 events):
No events

Internal exceptions (20 events):
Event: 9.545 Thread 0x0000018cbd17a860 Exception <a 'java/lang/NoSuchMethodError'{0x000000008571beb0}: 'void java.lang.invoke.DirectMethodHandle$Holder.invokeInterface(java.lang.Object, java.lang.Object, int)'> (0x000000008571beb0) 
thrown [s\src\hotspot\share\interpreter\linkResolver.cpp, line 773]
Event: 9.547 Thread 0x0000018cbd17a860 Exception <a 'java/lang/IncompatibleClassChangeError'{0x000000008575f590}: Found class java.lang.Object, but interface was expected> (0x000000008575f590) 
thrown [s\src\hotspot\share\interpreter\linkResolver.cpp, line 840]
Event: 9.548 Thread 0x0000018cbd17a860 Exception <a 'java/lang/NoSuchMethodError'{0x000000008577d8e8}: 'void java.lang.invoke.DirectMethodHandle$Holder.invokeStatic(java.lang.Object, int, java.lang.Object)'> (0x000000008577d8e8) 
thrown [s\src\hotspot\share\interpreter\linkResolver.cpp, line 773]
Event: 9.550 Thread 0x0000018cbd17a860 Exception <a 'java/lang/NoSuchMethodError'{0x00000000857b5ea0}: 'void java.lang.invoke.DirectMethodHandle$Holder.invokeStatic(java.lang.Object, java.lang.Object, java.lang.Object, int, java.lang.Object)'> (0x00000000857b5ea0) 
thrown [s\src\hotspot\share\interpreter\linkResolver.cpp, line 773]
Event: 9.551 Thread 0x0000018cbd17a860 Exception <a 'java/lang/NoSuchMethodError'{0x00000000857bc860}: 'java.lang.Object java.lang.invoke.DirectMethodHandle$Holder.newInvokeSpecial(java.lang.Object, java.lang.Object, java.lang.Object, int)'> (0x00000000857bc860) 
thrown [s\src\hotspot\share\interpreter\linkResolver.cpp, line 773]
Event: 9.551 Thread 0x0000018cbd17a860 Exception <a 'java/lang/NoSuchMethodError'{0x00000000857c06f0}: 'java.lang.Object java.lang.invoke.DirectMethodHandle$Holder.invokeSpecial(java.lang.Object, java.lang.Object, java.lang.Object, java.lang.Object, int)'> (0x00000000857c06f0) 
thrown [s\src\hotspot\share\interpreter\linkResolver.cpp, line 773]
Event: 9.551 Thread 0x0000018cbd17a860 Exception <a 'java/lang/NoSuchMethodError'{0x00000000857c3b98}: 'java.lang.Object java.lang.invoke.Invokers$Holder.linkToTargetMethod(java.lang.Object, java.lang.Object, int, java.lang.Object)'> (0x00000000857c3b98) 
thrown [s\src\hotspot\share\interpreter\linkResolver.cpp, line 773]
Event: 9.688 Thread 0x0000018cbd17a860 Exception <a 'java/lang/NoSuchMethodError'{0x0000000085fd4680}: 'int java.lang.invoke.DirectMethodHandle$Holder.invokeStatic(java.lang.Object, int, java.lang.Object)'> (0x0000000085fd4680) 
thrown [s\src\hotspot\share\interpreter\linkResolver.cpp, line 773]
Event: 9.726 Thread 0x0000018cbd17a860 Exception <a 'java/lang/NoSuchMethodError'{0x0000000085dcfb78}: 'int java.lang.invoke.DirectMethodHandle$Holder.invokeVirtual(java.lang.Object, java.lang.Object, java.lang.Object, java.lang.Object)'> (0x0000000085dcfb78) 
thrown [s\src\hotspot\share\interpreter\linkResolver.cpp, line 773]
Event: 9.727 Thread 0x0000018cbd17a860 Exception <a 'java/lang/NoSuchMethodError'{0x0000000085dd3670}: 'int java.lang.invoke.DelegatingMethodHandle$Holder.reinvoke_L(java.lang.Object, java.lang.Object, java.lang.Object, java.lang.Object)'> (0x0000000085dd3670) 
thrown [s\src\hotspot\share\interpreter\linkResolver.cpp, line 773]
Event: 9.764 Thread 0x0000018cbd17a860 Exception <a 'java/io/FileNotFoundException'{0x0000000085bd8008}> (0x0000000085bd8008) 
thrown [s\src\hotspot\share\prims\jni.cpp, line 520]
Event: 9.781 Thread 0x0000018cbd17a860 Exception <a 'java/lang/NoSuchMethodError'{0x0000000085960450}: 'int java.lang.invoke.DirectMethodHandle$Holder.invokeInterface(java.lang.Object, java.lang.Object, java.lang.Object, java.lang.Object)'> (0x0000000085960450) 
thrown [s\src\hotspot\share\interpreter\linkResolver.cpp, line 773]
Event: 9.813 Thread 0x0000018cbd17a860 Exception <a 'java/lang/NoSuchMethodError'{0x0000000085779978}: 'long java.lang.invoke.DirectMethodHandle$Holder.invokeVirtual(java.lang.Object, java.lang.Object)'> (0x0000000085779978) 
thrown [s\src\hotspot\share\interpreter\linkResolver.cpp, line 773]
Event: 9.815 Thread 0x0000018cbd17a860 Exception <a 'java/io/FileNotFoundException'{0x00000000857a9890}> (0x00000000857a9890) 
thrown [s\src\hotspot\share\prims\jni.cpp, line 520]
Event: 9.894 Thread 0x0000018cbd17a860 Exception <a 'java/lang/NoSuchMethodError'{0x0000000089809128}: 'java.lang.Object java.lang.invoke.DirectMethodHandle$Holder.newInvokeSpecial(java.lang.Object, java.lang.Object, java.lang.Object, java.lang.Object, java.lang.Object, java.lang.Object, java.lang.Object, java.lang.Object, java.lang.Object, java.lang.Object, java.lang.Object)'> (0x0000000089809128) 
thrown [s\src\hotspot\share\interpreter\linkResolver.cpp, line 773]
Event: 9.944 Thread 0x0000018cbd17a860 Exception <a 'java/lang/NoSuchMethodError'{0x0000000085ea4a18}: 'void java.lang.invoke.DelegatingMethodHandle$Holder.reinvoke_L(java.lang.Object, java.lang.Object, java.lang.Object, java.lang.Object, int, java.lang.Object, java.lang.Object, java.lang.Object)'> (0x0000000085ea4a18) 
thrown [s\src\hotspot\share\interpreter\linkResolver.cpp, line 773]
Event: 10.330 Thread 0x0000018cbd17a860 Exception <a 'java/lang/NoSuchMethodError'{0x00000000854647c8}: 'int java.lang.invoke.DirectMethodHandle$Holder.invokeStatic(java.lang.Object)'> (0x00000000854647c8) 
thrown [s\src\hotspot\share\interpreter\linkResolver.cpp, line 773]
Event: 10.418 Thread 0x0000018cbd17a860 Exception <a 'sun/nio/fs/WindowsException'{0x00000000898ed5a8}> (0x00000000898ed5a8) 
thrown [s\src\hotspot\share\prims\jni.cpp, line 520]
Event: 10.678 Thread 0x0000018cbd17a860 Exception <a 'java/lang/NoSuchMethodError'{0x00000000858c2658}: 'java.lang.Object java.lang.invoke.DirectMethodHandle$Holder.invokeStaticInit(java.lang.Object, java.lang.Object, java.lang.Object, java.lang.Object)'> (0x00000000858c2658) 
thrown [s\src\hotspot\share\interpreter\linkResolver.cpp, line 773]
Event: 10.688 Thread 0x0000018cbd17a860 Exception <a 'java/lang/NoSuchMethodError'{0x000000008578de98}: 'int java.lang.invoke.Invokers$Holder.invokeExact_MT(java.lang.Object, java.lang.Object)'> (0x000000008578de98) 
thrown [s\src\hotspot\share\interpreter\linkResolver.cpp, line 773]

ZGC Phase Switch (0 events):
No events

VM Operations (20 events):
Event: 10.370 Executing VM operation: G1PauseRemark done
Event: 10.374 Executing VM operation: G1PauseCleanup
Event: 10.374 Executing VM operation: G1PauseCleanup done
Event: 10.419 Executing VM operation: HandshakeAllThreads (Deoptimize)
Event: 10.419 Executing VM operation: HandshakeAllThreads (Deoptimize) done
Event: 10.422 Executing VM operation: HandshakeAllThreads (Deoptimize)
Event: 10.422 Executing VM operation: HandshakeAllThreads (Deoptimize) done
Event: 10.467 Executing VM operation: HandshakeAllThreads (Deoptimize)
Event: 10.467 Executing VM operation: HandshakeAllThreads (Deoptimize) done
Event: 10.560 Executing VM operation: HandshakeAllThreads (Deoptimize)
Event: 10.560 Executing VM operation: HandshakeAllThreads (Deoptimize) done
Event: 10.565 Executing VM operation: HandshakeAllThreads (Deoptimize)
Event: 10.565 Executing VM operation: HandshakeAllThreads (Deoptimize) done
Event: 11.558 Executing VM operation: Cleanup
Event: 11.701 Executing VM operation: Cleanup done
Event: 12.713 Executing VM operation: Cleanup
Event: 12.745 Executing VM operation: Cleanup done
Event: 13.753 Executing VM operation: Cleanup
Event: 13.784 Executing VM operation: Cleanup done
Event: 13.816 Executing VM operation: G1CollectForAllocation (G1 Evacuation Pause)

Memory protections (0 events):
No events

Nmethod flushes (20 events):
Event: 10.369 Thread 0x0000018cbc048330 flushing  nmethod 0x0000018cb0145210
Event: 10.369 Thread 0x0000018cbc048330 flushing  nmethod 0x0000018cafc6c090
Event: 10.369 Thread 0x0000018cbc048330 flushing  nmethod 0x0000018cafd37a10
Event: 10.369 Thread 0x0000018cbc048330 flushing  nmethod 0x0000018cafd39e90
Event: 10.369 Thread 0x0000018cbc048330 flushing  nmethod 0x0000018cafe7d190
Event: 10.369 Thread 0x0000018cbc048330 flushing  nmethod 0x0000018cb0132490
Event: 10.369 Thread 0x0000018cbc048330 flushing  nmethod 0x0000018cafbbd710
Event: 10.369 Thread 0x0000018cbc048330 flushing  nmethod 0x0000018caff1ca90
Event: 10.369 Thread 0x0000018cbc048330 flushing  nmethod 0x0000018cb00aef10
Event: 10.369 Thread 0x0000018cbc048330 flushing  nmethod 0x0000018cb013c590
Event: 10.369 Thread 0x0000018cbc048330 flushing  nmethod 0x0000018cb01b4810
Event: 10.369 Thread 0x0000018cbc048330 flushing  nmethod 0x0000018cafd47c90
Event: 10.369 Thread 0x0000018cbc048330 flushing  nmethod 0x0000018cafef6890
Event: 10.369 Thread 0x0000018cbc048330 flushing  nmethod 0x0000018cafffb890
Event: 10.369 Thread 0x0000018cbc048330 flushing  nmethod 0x0000018cb0185790
Event: 10.369 Thread 0x0000018cbc048330 flushing  nmethod 0x0000018caff36690
Event: 10.369 Thread 0x0000018cbc048330 flushing  nmethod 0x0000018cb00b5110
Event: 10.369 Thread 0x0000018cbc048330 flushing  nmethod 0x0000018cafbb1810
Event: 10.369 Thread 0x0000018cbc048330 flushing  nmethod 0x0000018cb009ac10
Event: 10.369 Thread 0x0000018cbc048330 flushing  nmethod 0x0000018cb022a290

Events (20 events):
Event: 7.478 Thread 0x0000018cabe773c0 Thread added: 0x0000018cbca36a00
Event: 7.507 Thread 0x0000018cabe773c0 Thread added: 0x0000018cbca615b0
Event: 7.789 Thread 0x0000018cbca36a00 Thread added: 0x0000018cbd124eb0
Event: 7.802 Thread 0x0000018cbd124eb0 Thread added: 0x0000018cbd132bd0
Event: 7.805 Thread 0x0000018cbc8be840 Thread added: 0x0000018cbd153a70
Event: 7.821 Thread 0x0000018cbd153a70 Thread added: 0x0000018cbd166cd0
Event: 7.883 Thread 0x0000018cabe773c0 Thread added: 0x0000018cbd1799a0
Event: 7.885 Thread 0x0000018cbd1799a0 Thread added: 0x0000018cbd17a860
Event: 8.178 Thread 0x0000018cbd17a860 Thread added: 0x0000018cbd17c930
Event: 8.280 Thread 0x0000018cbc1a4df0 Thread added: 0x0000018cbc1a5b90
Event: 8.484 Thread 0x0000018cbd17c930 Thread exited: 0x0000018cbd17c930
Event: 8.518 Thread 0x0000018cbd17a860 Thread added: 0x0000018cbd17dce0
Event: 8.573 Thread 0x0000018cbd17dce0 Thread exited: 0x0000018cbd17dce0
Event: 9.822 Thread 0x0000018cbd17a860 Thread added: 0x0000018cbd17aef0
Event: 9.823 Thread 0x0000018cbd17aef0 Thread added: 0x0000018cbd17b580
Event: 9.826 Thread 0x0000018cbd17a860 Thread added: 0x0000018cbd17d650
Event: 10.579 Thread 0x0000018cbd17a860 Thread added: 0x0000018cbd17dce0
Event: 10.613 Thread 0x0000018cbd17a860 Thread added: 0x0000018cbd17bc10
Event: 11.701 Thread 0x0000018cbd17bc10 Thread added: 0x0000018cbd17c2a0
Event: 12.467 Thread 0x0000018cbc1a5b90 Thread exited: 0x0000018cbc1a5b90


Dynamic libraries:
0x00007ff7da660000 - 0x00007ff7da66e000 	D:\JAVA5\sts-4.27.0.RELEASE\plugins\org.eclipse.justj.openjdk.hotspot.jre.full.win32.x86_64_21.0.5.v20241023-1957\jre\bin\javaw.exe
0x00007ff8aa000000 - 0x00007ff8aa263000 	C:\WINDOWS\SYSTEM32\ntdll.dll
0x00007ff8a90c0000 - 0x00007ff8a9187000 	C:\WINDOWS\System32\KERNEL32.DLL
0x00007ff8a7550000 - 0x00007ff8a7917000 	C:\WINDOWS\System32\KERNELBASE.dll
0x00007ff8a7c50000 - 0x00007ff8a7d9c000 	C:\WINDOWS\System32\ucrtbase.dll
0x00007ff891530000 - 0x00007ff891548000 	D:\JAVA5\sts-4.27.0.RELEASE\plugins\org.eclipse.justj.openjdk.hotspot.jre.full.win32.x86_64_21.0.5.v20241023-1957\jre\bin\jli.dll
0x00007ff891310000 - 0x00007ff89132e000 	D:\JAVA5\sts-4.27.0.RELEASE\plugins\org.eclipse.justj.openjdk.hotspot.jre.full.win32.x86_64_21.0.5.v20241023-1957\jre\bin\VCRUNTIME140.dll
0x00007ff8a95f0000 - 0x00007ff8a97b9000 	C:\WINDOWS\System32\USER32.dll
0x00007ff8a73a0000 - 0x00007ff8a73c7000 	C:\WINDOWS\System32\win32u.dll
0x00007ff886fc0000 - 0x00007ff887250000 	C:\WINDOWS\WinSxS\amd64_microsoft.windows.common-controls_6595b64144ccf1df_6.0.26100.3037_none_3e09262ce333c378\COMCTL32.dll
0x00007ff8a9a90000 - 0x00007ff8a9aba000 	C:\WINDOWS\System32\GDI32.dll
0x00007ff8a83c0000 - 0x00007ff8a8469000 	C:\WINDOWS\System32\msvcrt.dll
0x00007ff8a79e0000 - 0x00007ff8a7b0b000 	C:\WINDOWS\System32\gdi32full.dll
0x00007ff8a7b10000 - 0x00007ff8a7bb3000 	C:\WINDOWS\System32\msvcp_win.dll
0x00007ff8a9f80000 - 0x00007ff8a9faf000 	C:\WINDOWS\System32\IMM32.DLL
0x00007ff8925c0000 - 0x00007ff8925cc000 	D:\JAVA5\sts-4.27.0.RELEASE\plugins\org.eclipse.justj.openjdk.hotspot.jre.full.win32.x86_64_21.0.5.v20241023-1957\jre\bin\vcruntime140_1.dll
0x00007ff88f450000 - 0x00007ff88f4dd000 	D:\JAVA5\sts-4.27.0.RELEASE\plugins\org.eclipse.justj.openjdk.hotspot.jre.full.win32.x86_64_21.0.5.v20241023-1957\jre\bin\msvcp140.dll
0x00007ffffb400000 - 0x00007ffffc18f000 	D:\JAVA5\sts-4.27.0.RELEASE\plugins\org.eclipse.justj.openjdk.hotspot.jre.full.win32.x86_64_21.0.5.v20241023-1957\jre\bin\server\jvm.dll
0x00007ff8a9190000 - 0x00007ff8a9244000 	C:\WINDOWS\System32\ADVAPI32.dll
0x00007ff8a93f0000 - 0x00007ff8a9496000 	C:\WINDOWS\System32\sechost.dll
0x00007ff8a8470000 - 0x00007ff8a8586000 	C:\WINDOWS\System32\RPCRT4.dll
0x00007ff8a8820000 - 0x00007ff8a8894000 	C:\WINDOWS\System32\WS2_32.dll
0x00007ff8a6060000 - 0x00007ff8a60ae000 	C:\WINDOWS\SYSTEM32\POWRPROF.dll
0x00007ff894290000 - 0x00007ff8942c6000 	C:\WINDOWS\SYSTEM32\WINMM.dll
0x00007ff895dc0000 - 0x00007ff895dcb000 	C:\WINDOWS\SYSTEM32\VERSION.dll
0x00007ff8a6040000 - 0x00007ff8a6054000 	C:\WINDOWS\SYSTEM32\UMPDC.dll
0x00007ff8a62e0000 - 0x00007ff8a62fa000 	C:\WINDOWS\SYSTEM32\kernel.appcore.dll
0x00007ff8925d0000 - 0x00007ff8925da000 	D:\JAVA5\sts-4.27.0.RELEASE\plugins\org.eclipse.justj.openjdk.hotspot.jre.full.win32.x86_64_21.0.5.v20241023-1957\jre\bin\jimage.dll
0x00007ff8a4740000 - 0x00007ff8a4981000 	C:\WINDOWS\SYSTEM32\DBGHELP.DLL
0x00007ff8a9bf0000 - 0x00007ff8a9f6e000 	C:\WINDOWS\System32\combase.dll
0x00007ff8a9b10000 - 0x00007ff8a9be6000 	C:\WINDOWS\System32\OLEAUT32.dll
0x00007ff886c90000 - 0x00007ff886cc9000 	C:\WINDOWS\SYSTEM32\dbgcore.DLL
0x00007ff8a7da0000 - 0x00007ff8a7e39000 	C:\WINDOWS\System32\bcryptPrimitives.dll
0x00007ff892520000 - 0x00007ff89253f000 	D:\JAVA5\sts-4.27.0.RELEASE\plugins\org.eclipse.justj.openjdk.hotspot.jre.full.win32.x86_64_21.0.5.v20241023-1957\jre\bin\java.dll
0x00007ff891510000 - 0x00007ff891528000 	D:\JAVA5\sts-4.27.0.RELEASE\plugins\org.eclipse.justj.openjdk.hotspot.jre.full.win32.x86_64_21.0.5.v20241023-1957\jre\bin\zip.dll
0x00007ff8a89a0000 - 0x00007ff8a90a4000 	C:\WINDOWS\System32\SHELL32.dll
0x00007ff8a50c0000 - 0x00007ff8a58f7000 	C:\WINDOWS\SYSTEM32\windows.storage.dll
0x00007ff8a82d0000 - 0x00007ff8a83b9000 	C:\WINDOWS\System32\SHCORE.dll
0x00007ff8a97c0000 - 0x00007ff8a981d000 	C:\WINDOWS\System32\shlwapi.dll
0x00007ff8a72b0000 - 0x00007ff8a72de000 	C:\WINDOWS\SYSTEM32\profapi.dll
0x00007ff891c00000 - 0x00007ff891c10000 	D:\JAVA5\sts-4.27.0.RELEASE\plugins\org.eclipse.justj.openjdk.hotspot.jre.full.win32.x86_64_21.0.5.v20241023-1957\jre\bin\net.dll
0x00007ff899240000 - 0x00007ff89935e000 	C:\WINDOWS\SYSTEM32\WINHTTP.dll
0x00007ff8a67f0000 - 0x00007ff8a6858000 	C:\WINDOWS\system32\mswsock.dll
0x00007ff88f660000 - 0x00007ff88f676000 	D:\JAVA5\sts-4.27.0.RELEASE\plugins\org.eclipse.justj.openjdk.hotspot.jre.full.win32.x86_64_21.0.5.v20241023-1957\jre\bin\nio.dll
0x00007ff8912f0000 - 0x00007ff8912fa000 	D:\JAVA5\sts-4.27.0.RELEASE\plugins\org.eclipse.justj.openjdk.hotspot.jre.full.win32.x86_64_21.0.5.v20241023-1957\jre\bin\management.dll
0x00007ff8912e0000 - 0x00007ff8912eb000 	D:\JAVA5\sts-4.27.0.RELEASE\plugins\org.eclipse.justj.openjdk.hotspot.jre.full.win32.x86_64_21.0.5.v20241023-1957\jre\bin\management_ext.dll
0x00007ff8a90b0000 - 0x00007ff8a90b8000 	C:\WINDOWS\System32\PSAPI.DLL
0x00007ff87d820000 - 0x00007ff87d838000 	C:\WINDOWS\system32\napinsp.dll
0x00007ff8a5d70000 - 0x00007ff8a5e95000 	C:\WINDOWS\SYSTEM32\DNSAPI.dll
0x00007ff8a5d30000 - 0x00007ff8a5d62000 	C:\WINDOWS\SYSTEM32\IPHLPAPI.DLL
0x00007ff8a9a80000 - 0x00007ff8a9a8a000 	C:\WINDOWS\System32\NSI.dll
0x00007ff87d800000 - 0x00007ff87d812000 	C:\WINDOWS\System32\winrnr.dll
0x00007ff87d7d0000 - 0x00007ff87d7f2000 	C:\WINDOWS\system32\nlansp_c.dll
0x00007ff87d7b0000 - 0x00007ff87d7c6000 	C:\WINDOWS\system32\wshbth.dll
0x00007ff89d0e0000 - 0x00007ff89d0eb000 	C:\Windows\System32\rasadhlp.dll
0x00007ff89ebf0000 - 0x00007ff89ec75000 	C:\WINDOWS\System32\fwpuclnt.dll
0x00007ff8a6a90000 - 0x00007ff8a6aac000 	C:\WINDOWS\SYSTEM32\CRYPTSP.dll
0x00007ff8a6240000 - 0x00007ff8a6278000 	C:\WINDOWS\system32\rsaenh.dll
0x00007ff8a6890000 - 0x00007ff8a68bb000 	C:\WINDOWS\SYSTEM32\USERENV.dll
0x00007ff8a6cd0000 - 0x00007ff8a6cf6000 	C:\WINDOWS\SYSTEM32\bcrypt.dll
0x00007ff8a6ab0000 - 0x00007ff8a6abc000 	C:\WINDOWS\SYSTEM32\CRYPTBASE.dll
0x00007ff891300000 - 0x00007ff891309000 	D:\JAVA5\sts-4.27.0.RELEASE\plugins\org.eclipse.justj.openjdk.hotspot.jre.full.win32.x86_64_21.0.5.v20241023-1957\jre\bin\extnet.dll
0x00007ff89f710000 - 0x00007ff89f71e000 	D:\JAVA5\sts-4.27.0.RELEASE\plugins\org.eclipse.justj.openjdk.hotspot.jre.full.win32.x86_64_21.0.5.v20241023-1957\jre\bin\sunmscapi.dll
0x00007ff8a73d0000 - 0x00007ff8a7546000 	C:\WINDOWS\System32\CRYPT32.dll
0x00007ff8a6c90000 - 0x00007ff8a6cc0000 	C:\WINDOWS\SYSTEM32\ncrypt.dll
0x00007ff8a6c40000 - 0x00007ff8a6c7f000 	C:\WINDOWS\SYSTEM32\NTASN1.dll
0x00007ff8911f0000 - 0x00007ff891200000 	D:\JAVA5\sts-4.27.0.RELEASE\plugins\org.eclipse.justj.openjdk.hotspot.jre.full.win32.x86_64_21.0.5.v20241023-1957\jre\bin\verify.dll

dbghelp: loaded successfully - version: 4.0.5 - missing functions: none
symbol engine: initialized successfully - sym options: 0x614 - pdb path: .;D:\JAVA5\sts-4.27.0.RELEASE\plugins\org.eclipse.justj.openjdk.hotspot.jre.full.win32.x86_64_21.0.5.v20241023-1957\jre\bin;C:\WINDOWS\SYSTEM32;C:\WINDOWS\WinSxS\amd64_microsoft.windows.common-controls_6595b64144ccf1df_6.0.26100.3037_none_3e09262ce333c378;D:\JAVA5\sts-4.27.0.RELEASE\plugins\org.eclipse.justj.openjdk.hotspot.jre.full.win32.x86_64_21.0.5.v20241023-1957\jre\bin\server

VM Arguments:
jvm_args: -Dcom.sun.management.jmxremote -Dcom.sun.management.jmxremote.port=52108 -Dcom.sun.management.jmxremote.authenticate=false -Dcom.sun.management.jmxremote.ssl=false -Djava.rmi.server.hostname=localhost -Dspring.jmx.enabled=true -Dmanagement.endpoints.jmx.exposure.include=* -Dspring.application.admin.enabled=true -XX:TieredStopAtLevel=1 -Dspring.boot.project.name=ASMJAVA5 -Dfile.encoding=UTF-8 -Dstdout.encoding=UTF-8 -Dstderr.encoding=UTF-8 -XX:+ShowCodeDetailsInExceptionMessages 
java_command: poly.edu.Ps39199NguyenNhutKhaAssignmentApplication --spring.output.ansi.enabled=always
java_class_path (initial): C:\Users\Mr Loc\git\ASMJAVA5\target\classes;C:\Users\Mr Loc\.m2\repository\org\springframework\boot\spring-boot-starter-thymeleaf\3.4.1\spring-boot-starter-thymeleaf-3.4.1.jar;C:\Users\Mr Loc\.m2\repository\org\springframework\boot\spring-boot-starter\3.4.1\spring-boot-starter-3.4.1.jar;C:\Users\Mr Loc\.m2\repository\org\springframework\boot\spring-boot-starter-logging\3.4.1\spring-boot-starter-logging-3.4.1.jar;C:\Users\Mr Loc\.m2\repository\ch\qos\logback\logback-classic\1.5.12\logback-classic-1.5.12.jar;C:\Users\Mr Loc\.m2\repository\ch\qos\logback\logback-core\1.5.12\logback-core-1.5.12.jar;C:\Users\Mr Loc\.m2\repository\org\apache\logging\log4j\log4j-to-slf4j\2.24.3\log4j-to-slf4j-2.24.3.jar;C:\Users\Mr Loc\.m2\repository\org\apache\logging\log4j\log4j-api\2.24.3\log4j-api-2.24.3.jar;C:\Users\Mr Loc\.m2\repository\org\slf4j\jul-to-slf4j\2.0.16\jul-to-slf4j-2.0.16.jar;C:\Users\Mr Loc\.m2\repository\jakarta\annotation\jakarta.annotation-api\2.1.1\jakarta.annotation-api-2.1.1.jar;C:\Users\Mr Loc\.m2\repository\org\yaml\snakeyaml\2.3\snakeyaml-2.3.jar;C:\Users\Mr Loc\.m2\repository\org\thymeleaf\thymeleaf-spring6\3.1.3.RELEASE\thymeleaf-spring6-3.1.3.RELEASE.jar;C:\Users\Mr Loc\.m2\repository\org\thymeleaf\thymeleaf\3.1.3.RELEASE\thymeleaf-3.1.3.RELEASE.jar;C:\Users\Mr Loc\.m2\repository\org\attoparser\attoparser\2.0.7.RELEASE\attoparser-2.0.7.RELEASE.jar;C:\Users\Mr Loc\.m2\repository\org\unbescape\unbescape\1.1.6.RELEASE\unbescape-1.1.6.RELEASE.jar;C:\Users\Mr Loc\.m2\repository\org\slf4j\slf4j-api\2.0.16\slf4j-api-2.0.16.jar;C:\Users\Mr Loc\.m2\repository\org\springframework\boot\spring-boot-starter-web\3.4.1\spring-boot-starter-web-3.4.1.jar;C:\Users\Mr Loc\.m2\repository\org\springframework\boot\spring-boot-starter-json\3.4.1\spring-boot-starter-json-3.4.1.jar;C:\Users\Mr Loc\.m2\repository\com\fasterxml\jackson\core\jackson-databind\2.18.2\jackson-databind-2.18.2.jar;C:\Users\Mr Loc\.m2\repository\com\fasterxml\jackson\core\jackson-annotations\2.18.2\jackson-annotations-2.18.2.jar;C:\Users\Mr Loc\.m2\repository\com\fasterxml\jackson\core\jackson-core\2.18.2\jackson-core-2.18.2.jar;C:\Users\Mr Loc\.m2\repository\com\fasterxml\jackson\datatype\jackson-datatype-jdk8\2.18.2\jackson-datatype-jdk8-2.18.2.jar;C:\Users\Mr Loc\.m2\repository\com\fasterxml\jackson\datatype\jackson-datatype-jsr310\2.18.2\jackson-datatype-jsr310-2.18.2.jar;C:\Users\Mr Loc\.m2\repository\com\fasterxml\jackson\module\jackson-module-parameter-names\2.18.2\jackson-module-parameter-names-2.18.2.jar;C:\Users\Mr Loc\.m2\repository\org\springframework\boot\spring-boot-starter-tomcat\3.4.1\spring-boot-starter-tomcat-3.4.1.jar;C:\Users\Mr Loc\.m2\repository\org\apache\tomcat\embed\tomcat-embed-core\10.1.34\tomcat-embed-core-10.1.34.jar;C:\Users\Mr Loc\.m2\repository\org\apache\tomcat\embed\tomcat-embed-el\10.1.34\tomcat-embed-el-10.1.34.jar;C:\Users\Mr Loc\.m2\repository\org\apache\tomcat\embed\tomcat-embed-websocket\10.1.34\tomcat-embed-websocket-10.1.34.jar;C:\Users\Mr Loc\.m2\repository\org\springframework\spring-web\6.2.1\spring-web-6.2.1.jar;C:\Users\Mr Loc\.m2\repository\org\springframework\spring-beans\6.2.1\spring-beans-6.2.1.jar;C:\Users\Mr Loc\.m2\repository\io\micrometer\micrometer-observation\1.14.2\micrometer-observation-1.14.2.jar;C:\Users\Mr Loc\.m2\repository\io\micrometer\micrometer-commons\1.14.2\micrometer-commons-1.14.2.jar;C:\Users\Mr Loc\.m2\repository\org\springframework\spring-webmvc\6.2.1\spring-webmvc-6.2.1.jar;C:\Users\Mr Loc\.m2\repository\org\springframework\spring-aop\6.2.1\spring-aop-6.2.1.jar;C:\Users\Mr Loc\.m2\repository\org\springframework\spring-context\6.2.1\spring-context-6.2.1.jar;C:\Users\Mr Loc\.m2\repository\org\springframework\spring-expression\6.2.1\spring-expression-6.2.1.jar;C:\Users\Mr Loc\.m2\repository\org\springframework\boot\spring-boot-starter-data-jpa\3.4.1\spring-boot-starter-data-jpa-3.4.1.jar;C:\Users\Mr Loc\.m2\repository\org\springframework\boot\spring-boot-starter-jdbc\3.4.1\spring-boot-starter-jdbc-3.4.1.jar;C:\Users\Mr Loc\.m2\repository\com\zaxxer\HikariCP\5.1.0\HikariCP-5.1.0.jar;C:\Users\Mr Loc\.m2\repository\org\springframework\spring-jdbc\6.2.1\spring-jdbc-6.2.1.jar;C:\Users\Mr Loc\.m2\repository\org\hibernate\orm\hibernate-core\6.6.4.Final\hibernate-core-6.6.4.Final.jar;C:\Users\Mr Loc\.m2\repository\jakarta\transaction\jakarta.transaction-api\2.0.1\jakarta.transaction-api-2.0.1.jar;C:\Users\Mr Loc\.m2\repository\org\jboss\logging\jboss-logging\3.6.1.Final\jboss-logging-3.6.1.Final.jar;C:\Users\Mr Loc\.m2\repository\org\hibernate\common\hibernate-commons-annotations\7.0.3.Final\hibernate-commons-annotations-7.0.3.Final.jar;C:\Users\Mr Loc\.m2\repository\io\smallrye\jandex\3.2.0\jandex-3.2.0.jar;C:\Users\Mr Loc\.m2\repository\com\fasterxml\classmate\1.7.0\classmate-1.7.0.jar;C:\Users\Mr Loc\.m2\repository\net\bytebuddy\byte-buddy\1.15.11\byte-buddy-1.15.11.jar;C:\Users\Mr Loc\.m2\repository\org\glassfish\jaxb\jaxb-runtime\4.0.5\jaxb-runtime-4.0.5.jar;C:\Users\Mr Loc\.m2\repository\org\glassfish\jaxb\jaxb-core\4.0.5\jaxb-core-4.0.5.jar;C:\Users\Mr Loc\.m2\repository\org\eclipse\angus\angus-activation\2.0.2\angus-activation-2.0.2.jar;C:\Users\Mr Loc\.m2\repository\org\glassfish\jaxb\txw2\4.0.5\txw2-4.0.5.jar;C:\Users\Mr Loc\.m2\repository\com\sun\istack\istack-commons-runtime\4.1.2\istack-commons-runtime-4.1.2.jar;C:\Users\Mr Loc\.m2\repository\jakarta\inject\jakarta.inject-api\2.0.1\jakarta.inject-api-2.0.1.jar;C:\Users\Mr Loc\.m2\repository\org\antlr\antlr4-runtime\4.13.0\antlr4-runtime-4.13.0.jar;C:\Users\Mr Loc\.m2\repository\org\springframework\data\spring-data-jpa\3.4.1\spring-data-jpa-3.4.1.jar;C:\Users\Mr Loc\.m2\repository\org\springframework\data\spring-data-commons\3.4.1\spring-data-commons-3.4.1.jar;C:\Users\Mr Loc\.m2\repository\org\springframework\spring-orm\6.2.1\spring-orm-6.2.1.jar;C:\Users\Mr Loc\.m2\repository\org\springframework\spring-tx\6.2.1\spring-tx-6.2.1.jar;C:\Users\Mr Loc\.m2\repository\org\springframework\spring-aspects\6.2.1\spring-aspects-6.2.1.jar;C:\Users\Mr Loc\.m2\repository\org\aspectj\aspectjweaver\1.9.22.1\aspectjweaver-1.9.22.1.jar;C:\Users\Mr Loc\.m2\repository\com\microsoft\sqlserver\mssql-jdbc\12.8.1.jre11\mssql-jdbc-12.8.1.jre11.jar;C:\Users\Mr Loc\.m2\repository\org\projectlombok\lombok\1.18.36\lombok-1.18.36.jar;C:\Users\Mr Loc\.m2\repository\org\springframework\boot\spring-boot-devtools\3.4.1\spring-boot-devtools-3.4.1.jar;C:\Users\Mr Loc\.m2\repository\org\springframework\boot\spring-boot\3.4.1\spring-boot-3.4.1.jar;C:\Users\Mr Loc\.m2\repository\org\springframework\boot\spring-boot-autoconfigure\3.4.1\spring-boot-autoconfigure-3.4.1.jar;C:\Users\Mr Loc\.m2\repository\jakarta\xml\bind\jakarta.xml.bind-api\4.0.2\jakarta.xml.bind-api-4.0.2.jar;C:\Users\Mr Loc\.m2\repository\jakarta\activation\jakarta.activation-api\2.1.3\jakarta.activation-api-2.1.3.jar;C:\Users\Mr Loc\.m2\repository\org\springframework\spring-core\6.2.1\spring-core-6.2.1.jar;C:\Users\Mr Loc\.m2\repository\org\springframework\spring-jcl\6.2.1\spring-jcl-6.2.1.jar;C:\Users\Mr Loc\.m2\repository\jakarta\persistence\jakarta.persistence-api\3.1.0\jakarta.persistence-api-3.1.0.jar
Launcher Type: SUN_STANDARD

[Global flags]
     intx CICompilerCount                          = 4                                         {product} {ergonomic}
     uint ConcGCThreads                            = 2                                         {product} {ergonomic}
     uint G1ConcRefinementThreads                  = 8                                         {product} {ergonomic}
   size_t G1HeapRegionSize                         = 1048576                                   {product} {ergonomic}
    uintx GCDrainStackTargetSize                   = 64                                        {product} {ergonomic}
   size_t InitialHeapSize                          = 132120576                                 {product} {ergonomic}
     bool ManagementServer                         = true                                      {product} {command line}
   size_t MarkStackSize                            = 4194304                                   {product} {ergonomic}
   size_t MaxHeapSize                              = 2090860544                                {product} {ergonomic}
   size_t MaxNewSize                               = 1254096896                                {product} {ergonomic}
   size_t MinHeapDeltaBytes                        = 1048576                                   {product} {ergonomic}
   size_t MinHeapSize                              = 8388608                                   {product} {ergonomic}
    uintx NonNMethodCodeHeapSize                   = 4096                                   {pd product} {ergonomic}
    uintx NonProfiledCodeHeapSize                  = 0                                      {pd product} {ergonomic}
     bool ProfileInterpreter                       = false                                  {pd product} {command line}
    uintx ProfiledCodeHeapSize                     = 0                                      {pd product} {ergonomic}
     bool ShowCodeDetailsInExceptionMessages       = true                                   {manageable} {command line}
   size_t SoftMaxHeapSize                          = 2090860544                             {manageable} {ergonomic}
     intx TieredStopAtLevel                        = 1                                         {product} {command line}
     bool UseCompressedOops                        = true                           {product lp64_product} {ergonomic}
     bool UseG1GC                                  = true                                      {product} {ergonomic}
     bool UseLargePagesIndividualAllocation        = false                                  {pd product} {ergonomic}

Logging:
Log output configuration:
 #0: stdout all=warning uptime,level,tags foldmultilines=false
 #1: stderr all=off uptime,level,tags foldmultilines=false

Environment Variables:
PATH=D:/JAVA5/sts-4.27.0.RELEASE//plugins/org.eclipse.justj.openjdk.hotspot.jre.full.win32.x86_64_21.0.5.v20241023-1957/jre/bin/server;D:/JAVA5/sts-4.27.0.RELEASE//plugins/org.eclipse.justj.openjdk.hotspot.jre.full.win32.x86_64_21.0.5.v20241023-1957/jre/bin;C:\Program Files\Common Files\Oracle\Java\javapath;C:\Program Files (x86)\Common Files\Oracle\Java\javapath;C:\WINDOWS\system32;C:\WINDOWS;C:\WINDOWS\System32\Wbem;C:\WINDOWS\System32\WindowsPowerShell\v1.0\;C:\WINDOWS\System32\OpenSSH\;C:\Program Files\Microsoft SQL Server\150\Tools\Binn\;C:\Program Files\Microsoft SQL Server\Client SDK\ODBC\170\Tools\Binn\;C:\Program Files (x86)\Microsoft SQL Server\160\Tools\Binn\;C:\Program Files\Microsoft SQL Server\160\Tools\Binn\;C:\Program Files\Microsoft SQL Server\160\DTS\Binn\;C:\Program Files (x86)\Microsoft SQL Server\160\DTS\Binn\;C:\Program Files\Azure Data Studio\bin;C:\ProgramData\chocolatey\bin;C:\Program Files\dotnet\;D:\apphoc\Git\cmd;C:\Program Files\nodejs\;C:\Users\Mr Loc\AppData\Local\Microsoft\WindowsApps;C:\Program Files\Azure Data Studio\bin;C:\Users\Mr Loc\AppData\Local\Programs\Microsoft VS Code\bin;C:\Users\Mr Loc\AppData\Roaming\npm;;D:\JAVA5\sts-4.27.0.RELEASE;
USERNAME=Mr Loc
OS=Windows_NT
PROCESSOR_IDENTIFIER=Intel64 Family 6 Model 140 Stepping 1, GenuineIntel
TMP=C:\Users\MRLOC~1\AppData\Local\Temp
TEMP=C:\Users\MRLOC~1\AppData\Local\Temp




Periodic native trim disabled

---------------  S Y S T E M  ---------------

OS:
 Windows 11 , 64 bit Build 26100 (10.0.26100.3037)
OS uptime: 0 days 9:08 hours

CPU: total 8 (initial active 8) (4 cores per cpu, 2 threads per core) family 6 model 140 stepping 1 microcode 0x8a, cx8, cmov, fxsr, ht, mmx, 3dnowpref, sse, sse2, sse3, ssse3, sse4.1, sse4.2, popcnt, lzcnt, tsc, tscinvbit, avx, avx2, aes, erms, clmul, bmi1, bmi2, adx, avx512f, avx512dq, avx512cd, avx512bw, avx512vl, sha, fma, vzeroupper, avx512_vpopcntdq, avx512_vpclmulqdq, avx512_vaes, avx512_vnni, clflush, clflushopt, clwb, avx512_vbmi2, avx512_vbmi, rdtscp, rdpid, fsrm, gfni, avx512_bitalg, f16c, pku, cet_ibt, cet_ss, avx512_ifma
Processor Information for all 8 processors :
  Max Mhz: 2419, Current Mhz: 2419, Mhz Limit: 2419

Memory: 4k page, system-wide physical 7971M (1016M free)
TotalPageFile size 12067M (AvailPageFile size 6M)
current process WorkingSet (physical memory assigned to process): 176M, peak: 176M
current process commit charge ("private bytes"): 205M, peak: 229M

vm_info: OpenJDK 64-Bit Server VM (21.0.5+11-LTS) for windows-amd64 JRE (21.0.5+11-LTS), built on 2024-10-15T00:00:00Z by "admin" with MS VC++ 17.7 (VS2022)

END.
