#
# There is insufficient memory for the Java Runtime Environment to continue.
# Native memory allocation (mmap) failed to map 65536 bytes for Failed to commit metaspace.
# Possible reasons:
#   The system is out of physical RAM or swap space
#   The process is running with CompressedOops enabled, and the Java Heap may be blocking the growth of the native heap
# Possible solutions:
#   Reduce memory load on the system
#   Increase physical memory or swap space
#   Check if swap backing store is full
#   Decrease Java heap size (-Xmx/-Xms)
#   Decrease number of Java threads
#   Decrease Java thread stack sizes (-Xss)
#   Set larger code cache with -XX:ReservedCodeCacheSize=
#   JVM is running with Unscaled Compressed Oops mode in which the Java heap is
#     placed in the first 4GB address space. The Java Heap base address is the
#     maximum limit for the native heap growth. Please use -XX:HeapBaseMinAddress
#     to set the Java Heap base and to place the Java Heap above 4GB virtual address.
# This output file may be truncated or incomplete.
#
#  Out of Memory Error (virtualSpaceNode.cpp:110), pid=17644, tid=8032
#
# JRE version: Java(TM) SE Runtime Environment (17.0.10+11) (build 17.0.10+11-LTS-240)
# Java VM: Java HotSpot(TM) 64-Bit Server VM (17.0.10+11-LTS-240, mixed mode, emulated-client, sharing, tiered, compressed oops, compressed class ptrs, g1 gc, windows-amd64)
# No core dump will be written. Minidumps are not enabled by default on client versions of Windows
#

---------------  S U M M A R Y ------------

Command Line: -Dcom.sun.management.jmxremote -Dcom.sun.management.jmxremote.port=60807 -Dcom.sun.management.jmxremote.authenticate=false -Dcom.sun.management.jmxremote.ssl=false -Djava.rmi.server.hostname=localhost -Dspring.jmx.enabled=true -Dmanagement.endpoints.jmx.exposure.include=* -Dspring.application.admin.enabled=true -XX:TieredStopAtLevel=1 -Dspring.boot.project.name=ShoppingWebsite -Dfile.encoding=UTF-8 -Dstdout.encoding=UTF-8 -Dstderr.encoding=UTF-8 -XX:+ShowCodeDetailsInExceptionMessages poly.edu.Ps39199NguyenNhutKhaAssignmentApplication --spring.output.ansi.enabled=always

Host: 11th Gen Intel(R) Core(TM) i5-1135G7 @ 2.40GHz, 8 cores, 7G,  Windows 11 , 64 bit Build 26100 (10.0.26100.3624)
Time: Tue Apr  8 15:07:31 2025 SE Asia Standard Time elapsed time: 17.069520 seconds (0d 0h 0m 17s)

---------------  T H R E A D  ---------------

Current thread (0x00000248e3726de0):  JavaThread "http-nio-8080-exec-2" daemon [_thread_in_vm, id=8032, stack(0x000000de9b700000,0x000000de9b800000)]

Stack: [0x000000de9b700000,0x000000de9b800000]
Native frames: (J=compiled Java code, j=interpreted, Vv=VM code, C=native code)
V  [jvm.dll+0x677a5a]
V  [jvm.dll+0x7d8b2d]
V  [jvm.dll+0x7da48e]
V  [jvm.dll+0x7daaf3]
V  [jvm.dll+0x2455ff]
V  [jvm.dll+0x7d483b]
V  [jvm.dll+0x61dc06]
V  [jvm.dll+0x1bfa87]
V  [jvm.dll+0x620570]
V  [jvm.dll+0x61e5c6]
V  [jvm.dll+0x23afe6]
V  [jvm.dll+0x1e9d67]
V  [jvm.dll+0x1dfa01]
V  [jvm.dll+0x53d58c]
V  [jvm.dll+0x753438]
V  [jvm.dll+0x753524]
V  [jvm.dll+0x40babf]
V  [jvm.dll+0x411a89]
C  [java.dll+0x17ec]

Java frames: (J=compiled Java code, j=interpreted, Vv=VM code)
J 1223  java.lang.ClassLoader.defineClass1(Ljava/lang/ClassLoader;Ljava/lang/String;[BIILjava/security/ProtectionDomain;Ljava/lang/String;)Ljava/lang/Class; java.base@17.0.10 (0 bytes) @ 0x000002489320bc63 [0x000002489320bba0+0x00000000000000c3]
J 1513 c1 java.lang.ClassLoader.defineClass(Ljava/lang/String;[BIILjava/security/ProtectionDomain;)Ljava/lang/Class; java.base@17.0.10 (43 bytes) @ 0x000002489328395c [0x0000024893283860+0x00000000000000fc]
J 1232 c1 jdk.internal.loader.BuiltinClassLoader.defineClass(Ljava/lang/String;Ljdk/internal/loader/Resource;)Ljava/lang/Class; java.base@17.0.10 (121 bytes) @ 0x0000024893215be4 [0x0000024893215720+0x00000000000004c4]
J 1231 c1 jdk.internal.loader.BuiltinClassLoader.findClassOnClassPathOrNull(Ljava/lang/String;)Ljava/lang/Class; java.base@17.0.10 (64 bytes) @ 0x0000024893213eb4 [0x0000024893213c00+0x00000000000002b4]
J 1046 c1 jdk.internal.loader.BuiltinClassLoader.loadClassOrNull(Ljava/lang/String;Z)Ljava/lang/Class; java.base@17.0.10 (143 bytes) @ 0x00000248931c3adc [0x00000248931c3680+0x000000000000045c]
J 1150 c1 jdk.internal.loader.ClassLoaders$AppClassLoader.loadClass(Ljava/lang/String;Z)Ljava/lang/Class; java.base@17.0.10 (40 bytes) @ 0x00000248931f72a4 [0x00000248931f7160+0x0000000000000144]
J 1149 c1 java.lang.ClassLoader.loadClass(Ljava/lang/String;)Ljava/lang/Class; java.base@17.0.10 (7 bytes) @ 0x00000248931f66e4 [0x00000248931f66a0+0x0000000000000044]
v  ~StubRoutines::call_stub
j  org.apache.coyote.http11.Http11OutputBuffer.<init>(Lorg/apache/coyote/Response;I)V+54
j  org.apache.coyote.http11.Http11Processor.<init>(Lorg/apache/coyote/http11/AbstractHttp11Protocol;Lorg/apache/coyote/Adapter;)V+150
j  org.apache.coyote.http11.AbstractHttp11Protocol.createProcessor()Lorg/apache/coyote/Processor;+9
j  org.apache.coyote.AbstractProtocol$ConnectionHandler.process(Lorg/apache/tomcat/util/net/SocketWrapperBase;Lorg/apache/tomcat/util/net/SocketEvent;)Lorg/apache/tomcat/util/net/AbstractEndpoint$Handler$SocketState;+413
j  org.apache.tomcat.util.net.NioEndpoint$SocketProcessor.doRun()V+249
j  org.apache.tomcat.util.net.SocketProcessorBase.run()V+32
j  org.apache.tomcat.util.threads.ThreadPoolExecutor.runWorker(Lorg/apache/tomcat/util/threads/ThreadPoolExecutor$Worker;)V+92
j  org.apache.tomcat.util.threads.ThreadPoolExecutor$Worker.run()V+5
j  org.apache.tomcat.util.threads.TaskThread$WrappingRunnable.run()V+4
j  java.lang.Thread.run()V+11 java.base@17.0.10
v  ~StubRoutines::call_stub

---------------  P R O C E S S  ---------------

Threads class SMR info:
_java_thread_list=0x00000248e3abcc30, length=43, elements={
0x000002489cd42100, 0x000002489cd42cc0, 0x000002489cd55480, 0x000002489cd56040,
0x000002489cd57a10, 0x000002489cd583d0, 0x000002489cd648b0, 0x000002489cd672c0,
0x000002489d531fe0, 0x000002489cd30a40, 0x000002489d6e1ab0, 0x00000248e3595340,
0x00000248e35aa7c0, 0x00000248e35a5840, 0x00000248e39f0890, 0x00000248e3a29190,
0x00000248e3a26de0, 0x00000248e3a494d0, 0x00000248e3a4b840, 0x00000248e3a4c770,
0x00000248e3a48fc0, 0x00000248e3a49ef0, 0x00000248e3a4a400, 0x00000248e3a4ae20,
0x00000248e3a4b330, 0x00000248e3726de0, 0x00000248e37272f0, 0x00000248e3727800,
0x00000248e3724050, 0x00000248e3724a70, 0x00000248e37268d0, 0x00000248e3724f80,
0x00000248e37259a0, 0x00000248e3725490, 0x00000248e3724560, 0x00000248e3725eb0,
0x00000248e37263c0, 0x00000248e3a4bd50, 0x00000248e583d9b0, 0x00000248e583dec0,
0x00000248e583cf90, 0x00000248e583f810, 0x00000248e583e8e0
}

Java Threads: ( => current thread )
  0x000002489cd42100 JavaThread "Reference Handler" daemon [_thread_blocked, id=372, stack(0x000000de98e00000,0x000000de98f00000)]
  0x000002489cd42cc0 JavaThread "Finalizer" daemon [_thread_blocked, id=15736, stack(0x000000de98f00000,0x000000de99000000)]
  0x000002489cd55480 JavaThread "Signal Dispatcher" daemon [_thread_blocked, id=4704, stack(0x000000de99000000,0x000000de99100000)]
  0x000002489cd56040 JavaThread "Attach Listener" daemon [_thread_blocked, id=18552, stack(0x000000de99100000,0x000000de99200000)]
  0x000002489cd57a10 JavaThread "Service Thread" daemon [_thread_blocked, id=19936, stack(0x000000de99200000,0x000000de99300000)]
  0x000002489cd583d0 JavaThread "Monitor Deflation Thread" daemon [_thread_blocked, id=20964, stack(0x000000de99300000,0x000000de99400000)]
  0x000002489cd648b0 JavaThread "C1 CompilerThread0" daemon [_thread_blocked, id=22172, stack(0x000000de99400000,0x000000de99500000)]
  0x000002489cd672c0 JavaThread "Sweeper thread" daemon [_thread_blocked, id=17316, stack(0x000000de99500000,0x000000de99600000)]
  0x000002489d531fe0 JavaThread "C1 CompilerThread1" daemon [_thread_blocked, id=8124, stack(0x000000de99600000,0x000000de99700000)]
  0x000002489cd30a40 JavaThread "Common-Cleaner" daemon [_thread_blocked, id=10200, stack(0x000000de99900000,0x000000de99a00000)]
  0x000002489d6e1ab0 JavaThread "Notification Thread" daemon [_thread_blocked, id=6224, stack(0x000000de99a00000,0x000000de99b00000)]
  0x00000248e3595340 JavaThread "RMI TCP Accept-0" daemon [_thread_in_native, id=17504, stack(0x000000de99b00000,0x000000de99c00000)]
  0x00000248e35aa7c0 JavaThread "RMI TCP Accept-60807" daemon [_thread_in_native, id=3256, stack(0x000000de99c00000,0x000000de99d00000)]
  0x00000248e35a5840 JavaThread "RMI TCP Accept-0" daemon [_thread_in_native, id=16780, stack(0x000000de99d00000,0x000000de99e00000)]
  0x00000248e39f0890 JavaThread "RMI TCP Connection(1)-127.0.0.1" daemon [_thread_in_native, id=21412, stack(0x000000de9a700000,0x000000de9a800000)]
  0x00000248e3a29190 JavaThread "RMI Scheduler(0)" daemon [_thread_blocked, id=11588, stack(0x000000de9a800000,0x000000de9a900000)]
  0x00000248e3a26de0 JavaThread "RMI TCP Connection(2)-127.0.0.1" daemon [_thread_in_native, id=3944, stack(0x000000de9a900000,0x000000de9aa00000)]
  0x00000248e3a494d0 JavaThread "JMX server connection timeout 22" daemon [_thread_blocked, id=17136, stack(0x000000de9aa00000,0x000000de9ab00000)]
  0x00000248e3a4b840 JavaThread "Catalina-utility-1" [_thread_blocked, id=18964, stack(0x000000de9af00000,0x000000de9b000000)]
  0x00000248e3a4c770 JavaThread "Catalina-utility-2" [_thread_blocked, id=15100, stack(0x000000de9b000000,0x000000de9b100000)]
  0x00000248e3a48fc0 JavaThread "container-0" [_thread_blocked, id=13156, stack(0x000000de9b100000,0x000000de9b200000)]
  0x00000248e3a49ef0 JavaThread "File Watcher" daemon [_thread_blocked, id=13904, stack(0x000000de9b300000,0x000000de9b400000)]
  0x00000248e3a4a400 JavaThread "Live Reload Server" daemon [_thread_in_native, id=2920, stack(0x000000de9b500000,0x000000de9b600000)]
  0x00000248e3a4ae20 JavaThread "MessageBroker-1" [_thread_blocked, id=2548, stack(0x000000de9b400000,0x000000de9b500000)]
  0x00000248e3a4b330 JavaThread "http-nio-8080-exec-1" daemon [_thread_blocked, id=20848, stack(0x000000de9b600000,0x000000de9b700000)]
=>0x00000248e3726de0 JavaThread "http-nio-8080-exec-2" daemon [_thread_in_vm, id=8032, stack(0x000000de9b700000,0x000000de9b800000)]
  0x00000248e37272f0 JavaThread "http-nio-8080-exec-3" daemon [_thread_blocked, id=11404, stack(0x000000de9b800000,0x000000de9b900000)]
  0x00000248e3727800 JavaThread "http-nio-8080-exec-4" daemon [_thread_blocked, id=5172, stack(0x000000de9b900000,0x000000de9ba00000)]
  0x00000248e3724050 JavaThread "http-nio-8080-exec-5" daemon [_thread_blocked, id=11608, stack(0x000000de9ba00000,0x000000de9bb00000)]
  0x00000248e3724a70 JavaThread "http-nio-8080-exec-6" daemon [_thread_blocked, id=18864, stack(0x000000de9bb00000,0x000000de9bc00000)]
  0x00000248e37268d0 JavaThread "http-nio-8080-exec-7" daemon [_thread_blocked, id=18952, stack(0x000000de9bc00000,0x000000de9bd00000)]
  0x00000248e3724f80 JavaThread "http-nio-8080-exec-8" daemon [_thread_blocked, id=6668, stack(0x000000de9bd00000,0x000000de9be00000)]
  0x00000248e37259a0 JavaThread "http-nio-8080-exec-9" daemon [_thread_blocked, id=1600, stack(0x000000de9be00000,0x000000de9bf00000)]
  0x00000248e3725490 JavaThread "http-nio-8080-exec-10" daemon [_thread_blocked, id=12084, stack(0x000000de9bf00000,0x000000de9c000000)]
  0x00000248e3724560 JavaThread "http-nio-8080-Poller" daemon [_thread_in_native, id=2436, stack(0x000000de9c000000,0x000000de9c100000)]
  0x00000248e3725eb0 JavaThread "http-nio-8080-Acceptor" daemon [_thread_in_native, id=21912, stack(0x000000de9c100000,0x000000de9c200000)]
  0x00000248e37263c0 JavaThread "DestroyJavaVM" [_thread_blocked, id=13176, stack(0x000000de98700000,0x000000de98800000)]
  0x00000248e3a4bd50 JavaThread "RMI TCP Connection(3)-127.0.0.1" daemon [_thread_in_native, id=17276, stack(0x000000de9ac00000,0x000000de9ad00000)]
  0x00000248e583d9b0 JavaThread "RMI TCP Connection(4)-127.0.0.1" daemon [_thread_in_native, id=17384, stack(0x000000de9c200000,0x000000de9c300000)]
  0x00000248e583dec0 JavaThread "RMI TCP Connection(5)-127.0.0.1" daemon [_thread_in_native, id=15576, stack(0x000000de9c300000,0x000000de9c400000)]
  0x00000248e583cf90 JavaThread "RMI TCP Connection(6)-127.0.0.1" daemon [_thread_in_native, id=17624, stack(0x000000de9c400000,0x000000de9c500000)]
  0x00000248e583f810 JavaThread "RMI TCP Connection(7)-127.0.0.1" daemon [_thread_in_native, id=9228, stack(0x000000de9c600000,0x000000de9c700000)]
  0x00000248e583e8e0 JavaThread "RMI TCP Connection(8)-127.0.0.1" daemon [_thread_in_native, id=5540, stack(0x000000de9c800000,0x000000de9c900000)]

Other Threads:
  0x000002489cd3ba90 VMThread "VM Thread" [stack: 0x000000de98d00000,0x000000de98e00000] [id=20540] _threads_hazard_ptr=0x00000248e3abcc30
  0x00000248e35a60d0 WatcherThread [stack: 0x000000de99e00000,0x000000de99f00000] [id=19672]
  0x000002488b558d30 GCTaskThread "GC Thread#0" [stack: 0x000000de98800000,0x000000de98900000] [id=20260]
  0x00000248e3629960 GCTaskThread "GC Thread#1" [stack: 0x000000de99f00000,0x000000de9a000000] [id=13500]
  0x00000248e362a0b0 GCTaskThread "GC Thread#2" [stack: 0x000000de9a000000,0x000000de9a100000] [id=15244]
  0x00000248e39fe3c0 GCTaskThread "GC Thread#3" [stack: 0x000000de9a100000,0x000000de9a200000] [id=18364]
  0x00000248e39fe680 GCTaskThread "GC Thread#4" [stack: 0x000000de9a200000,0x000000de9a300000] [id=12056]
  0x00000248e3a00950 GCTaskThread "GC Thread#5" [stack: 0x000000de9a300000,0x000000de9a400000] [id=12852]
  0x00000248e3a04c20 GCTaskThread "GC Thread#6" [stack: 0x000000de9a400000,0x000000de9a500000] [id=9660]
  0x00000248e3b06630 GCTaskThread "GC Thread#7" [stack: 0x000000de9ad00000,0x000000de9ae00000] [id=18820]
  0x000002488b56aa30 ConcurrentGCThread "G1 Main Marker" [stack: 0x000000de98900000,0x000000de98a00000] [id=19548]
  0x000002488b56b440 ConcurrentGCThread "G1 Conc#0" [stack: 0x000000de98a00000,0x000000de98b00000] [id=8964]
  0x00000248e4207aa0 ConcurrentGCThread "G1 Conc#1" [stack: 0x000000de9ae00000,0x000000de9af00000] [id=7528]
  0x000002489cbf5fc0 ConcurrentGCThread "G1 Refine#0" [stack: 0x000000de98b00000,0x000000de98c00000] [id=3224]
  0x00000248e39f7ea0 ConcurrentGCThread "G1 Refine#1" [stack: 0x000000de9a500000,0x000000de9a600000] [id=1404]
  0x000002489d7c8ea0 ConcurrentGCThread "G1 Refine#2" [stack: 0x000000de9a600000,0x000000de9a700000] [id=12440]
  0x000002489cbf6890 ConcurrentGCThread "G1 Service" [stack: 0x000000de98c00000,0x000000de98d00000] [id=20704]

Threads with active compile tasks:

VM state: synchronizing (normal execution)

VM Mutex/Monitor currently owned by a thread:  ([mutex/lock_event])
[0x000002488b4f7840] Metaspace_lock - owner thread: 0x00000248e3726de0
[0x000002488b4f6be0] Threads_lock - owner thread: 0x000002489cd3ba90
[0x000002488b4f84a0] Heap_lock - owner thread: 0x00000248e3a49ef0

Heap address: 0x0000000083600000, size: 1994 MB, Compressed Oops mode: 32-bit

CDS archive(s) mapped at: [0x000002489e000000-0x000002489ebd0000-0x000002489ebd0000), size 12386304, SharedBaseAddress: 0x000002489e000000, ArchiveRelocationMode: 1.
Compressed class space mapped at: 0x000002489f000000-0x00000248df000000, reserved size: 1073741824
Narrow klass base: 0x000002489e000000, Narrow klass shift: 0, Narrow klass range: 0x100000000

GC Precious Log:
 CPUs: 8 total, 8 available
 Memory: 7971M
 Large Page Support: Disabled
 NUMA Support: Disabled
 Compressed Oops: Enabled (32-bit)
 Heap Region Size: 1M
 Heap Min Capacity: 8M
 Heap Initial Capacity: 126M
 Heap Max Capacity: 1994M
 Pre-touch: Disabled
 Parallel Workers: 8
 Concurrent Workers: 2
 Concurrent Refinement Workers: 8
 Periodic GC: Disabled

Heap:
 garbage-first heap   total 109568K, used 89063K [0x0000000083600000, 0x0000000100000000)
  region size 1024K, 48 young (49152K), 3 survivors (3072K)
 Metaspace       used 71127K, committed 71744K, reserved 1114112K
  class space    used 10476K, committed 10752K, reserved 1048576K

Heap Regions: E=young(eden), S=young(survivor), O=old, HS=humongous(starts), HC=humongous(continues), CS=collection set, F=free, OA=open archive, CA=closed archive, TAMS=top-at-mark-start (previous, next)
|   0|0x0000000083600000, 0x0000000083700000, 0x0000000083700000|100%|HS|  |TAMS 0x0000000083700000, 0x0000000083600000| Complete 
|   1|0x0000000083700000, 0x0000000083800000, 0x0000000083800000|100%|HS|  |TAMS 0x0000000083800000, 0x0000000083700000| Complete 
|   2|0x0000000083800000, 0x0000000083900000, 0x0000000083900000|100%|HS|  |TAMS 0x0000000083900000, 0x0000000083800000| Complete 
|   3|0x0000000083900000, 0x000000008398b600, 0x0000000083a00000| 54%| O|  |TAMS 0x000000008398b600, 0x0000000083900000| Untracked 
|   4|0x0000000083a00000, 0x0000000083b00000, 0x0000000083b00000|100%| O|  |TAMS 0x0000000083b00000, 0x0000000083a00000| Untracked 
|   5|0x0000000083b00000, 0x0000000083c00000, 0x0000000083c00000|100%| O|  |TAMS 0x0000000083c00000, 0x0000000083b00000| Untracked 
|   6|0x0000000083c00000, 0x0000000083d00000, 0x0000000083d00000|100%| O|  |TAMS 0x0000000083d00000, 0x0000000083c00000| Untracked 
|   7|0x0000000083d00000, 0x0000000083e00000, 0x0000000083e00000|100%| O|  |TAMS 0x0000000083e00000, 0x0000000083d00000| Untracked 
|   8|0x0000000083e00000, 0x0000000083f00000, 0x0000000083f00000|100%| O|  |TAMS 0x0000000083f00000, 0x0000000083e00000| Untracked 
|   9|0x0000000083f00000, 0x0000000084000000, 0x0000000084000000|100%| O|  |TAMS 0x0000000084000000, 0x0000000083f00000| Untracked 
|  10|0x0000000084000000, 0x0000000084100000, 0x0000000084100000|100%| O|  |TAMS 0x0000000084100000, 0x0000000084000000| Untracked 
|  11|0x0000000084100000, 0x0000000084200000, 0x0000000084200000|100%| O|  |TAMS 0x0000000084200000, 0x0000000084100000| Untracked 
|  12|0x0000000084200000, 0x0000000084300000, 0x0000000084300000|100%| O|  |TAMS 0x0000000084300000, 0x0000000084200000| Untracked 
|  13|0x0000000084300000, 0x0000000084400000, 0x0000000084400000|100%| O|  |TAMS 0x0000000084400000, 0x0000000084300000| Untracked 
|  14|0x0000000084400000, 0x0000000084500000, 0x0000000084500000|100%| O|  |TAMS 0x0000000084500000, 0x0000000084400000| Untracked 
|  15|0x0000000084500000, 0x0000000084600000, 0x0000000084600000|100%| O|  |TAMS 0x0000000084600000, 0x0000000084500000| Untracked 
|  16|0x0000000084600000, 0x0000000084700000, 0x0000000084700000|100%| O|  |TAMS 0x0000000084700000, 0x0000000084600000| Untracked 
|  17|0x0000000084700000, 0x0000000084800000, 0x0000000084800000|100%| O|  |TAMS 0x0000000084800000, 0x0000000084700000| Untracked 
|  18|0x0000000084800000, 0x0000000084900000, 0x0000000084900000|100%| O|  |TAMS 0x0000000084900000, 0x0000000084800000| Untracked 
|  19|0x0000000084900000, 0x0000000084a00000, 0x0000000084a00000|100%| O|  |TAMS 0x0000000084a00000, 0x0000000084900000| Untracked 
|  20|0x0000000084a00000, 0x0000000084b00000, 0x0000000084b00000|100%| O|  |TAMS 0x0000000084b00000, 0x0000000084a00000| Untracked 
|  21|0x0000000084b00000, 0x0000000084c00000, 0x0000000084c00000|100%| O|  |TAMS 0x0000000084c00000, 0x0000000084b00000| Untracked 
|  22|0x0000000084c00000, 0x0000000084d00000, 0x0000000084d00000|100%| O|  |TAMS 0x0000000084d00000, 0x0000000084c00000| Untracked 
|  23|0x0000000084d00000, 0x0000000084e00000, 0x0000000084e00000|100%| O|  |TAMS 0x0000000084e00000, 0x0000000084d00000| Untracked 
|  24|0x0000000084e00000, 0x0000000084f00000, 0x0000000084f00000|100%| O|  |TAMS 0x0000000084f00000, 0x0000000084e00000| Untracked 
|  25|0x0000000084f00000, 0x0000000085000000, 0x0000000085000000|100%| O|  |TAMS 0x0000000085000000, 0x0000000084f00000| Untracked 
|  26|0x0000000085000000, 0x0000000085100000, 0x0000000085100000|100%| O|  |TAMS 0x0000000085100000, 0x0000000085000000| Untracked 
|  27|0x0000000085100000, 0x0000000085200000, 0x0000000085200000|100%| O|  |TAMS 0x0000000085200000, 0x0000000085100000| Untracked 
|  28|0x0000000085200000, 0x0000000085300000, 0x0000000085300000|100%| O|  |TAMS 0x0000000085300000, 0x0000000085200000| Untracked 
|  29|0x0000000085300000, 0x0000000085400000, 0x0000000085400000|100%| O|  |TAMS 0x0000000085400000, 0x0000000085300000| Untracked 
|  30|0x0000000085400000, 0x0000000085500000, 0x0000000085500000|100%| O|  |TAMS 0x0000000085500000, 0x0000000085400000| Untracked 
|  31|0x0000000085500000, 0x0000000085600000, 0x0000000085600000|100%| O|  |TAMS 0x0000000085600000, 0x0000000085500000| Untracked 
|  32|0x0000000085600000, 0x0000000085700000, 0x0000000085700000|100%| O|  |TAMS 0x0000000085700000, 0x0000000085600000| Untracked 
|  33|0x0000000085700000, 0x0000000085800000, 0x0000000085800000|100%| O|  |TAMS 0x0000000085800000, 0x0000000085700000| Untracked 
|  34|0x0000000085800000, 0x0000000085900000, 0x0000000085900000|100%| O|  |TAMS 0x000000008580ae00, 0x0000000085800000| Untracked 
|  35|0x0000000085900000, 0x0000000085a00000, 0x0000000085a00000|100%| O|  |TAMS 0x0000000085900000, 0x0000000085900000| Untracked 
|  36|0x0000000085a00000, 0x0000000085b00000, 0x0000000085b00000|100%| O|  |TAMS 0x0000000085a00000, 0x0000000085a00000| Untracked 
|  37|0x0000000085b00000, 0x0000000085c00000, 0x0000000085c00000|100%| O|  |TAMS 0x0000000085b00000, 0x0000000085b00000| Untracked 
|  38|0x0000000085c00000, 0x0000000085d00000, 0x0000000085d00000|100%| O|  |TAMS 0x0000000085c00000, 0x0000000085c00000| Untracked 
|  39|0x0000000085d00000, 0x0000000085d84800, 0x0000000085e00000| 51%| O|  |TAMS 0x0000000085d00000, 0x0000000085d00000| Untracked 
|  40|0x0000000085e00000, 0x0000000085e00000, 0x0000000085f00000|  0%| F|  |TAMS 0x0000000085e00000, 0x0000000085e00000| Untracked 
|  41|0x0000000085f00000, 0x0000000085f00000, 0x0000000086000000|  0%| F|  |TAMS 0x0000000085f00000, 0x0000000085f00000| Untracked 
|  42|0x0000000086000000, 0x0000000086000000, 0x0000000086100000|  0%| F|  |TAMS 0x0000000086000000, 0x0000000086000000| Untracked 
|  43|0x0000000086100000, 0x0000000086100000, 0x0000000086200000|  0%| F|  |TAMS 0x0000000086100000, 0x0000000086100000| Untracked 
|  44|0x0000000086200000, 0x0000000086200000, 0x0000000086300000|  0%| F|  |TAMS 0x0000000086200000, 0x0000000086200000| Untracked 
|  45|0x0000000086300000, 0x0000000086300000, 0x0000000086400000|  0%| F|  |TAMS 0x0000000086300000, 0x0000000086300000| Untracked 
|  46|0x0000000086400000, 0x0000000086400000, 0x0000000086500000|  0%| F|  |TAMS 0x0000000086400000, 0x0000000086400000| Untracked 
|  47|0x0000000086500000, 0x0000000086500000, 0x0000000086600000|  0%| F|  |TAMS 0x0000000086500000, 0x0000000086500000| Untracked 
|  48|0x0000000086600000, 0x0000000086600000, 0x0000000086700000|  0%| F|  |TAMS 0x0000000086600000, 0x0000000086600000| Untracked 
|  49|0x0000000086700000, 0x0000000086700000, 0x0000000086800000|  0%| F|  |TAMS 0x0000000086700000, 0x0000000086700000| Untracked 
|  50|0x0000000086800000, 0x0000000086800000, 0x0000000086900000|  0%| F|  |TAMS 0x0000000086800000, 0x0000000086800000| Untracked 
|  51|0x0000000086900000, 0x0000000086900000, 0x0000000086a00000|  0%| F|  |TAMS 0x0000000086900000, 0x0000000086900000| Untracked 
|  52|0x0000000086a00000, 0x0000000086a00000, 0x0000000086b00000|  0%| F|  |TAMS 0x0000000086a00000, 0x0000000086a00000| Untracked 
|  53|0x0000000086b00000, 0x0000000086b00000, 0x0000000086c00000|  0%| F|  |TAMS 0x0000000086b00000, 0x0000000086b00000| Untracked 
|  54|0x0000000086c00000, 0x0000000086c00000, 0x0000000086d00000|  0%| F|  |TAMS 0x0000000086c00000, 0x0000000086c00000| Untracked 
|  55|0x0000000086d00000, 0x0000000086d00000, 0x0000000086e00000|  0%| F|  |TAMS 0x0000000086d00000, 0x0000000086d00000| Untracked 
|  56|0x0000000086e00000, 0x0000000086e00000, 0x0000000086f00000|  0%| F|  |TAMS 0x0000000086e00000, 0x0000000086e00000| Untracked 
|  57|0x0000000086f00000, 0x0000000086f00000, 0x0000000087000000|  0%| F|  |TAMS 0x0000000086f00000, 0x0000000086f00000| Untracked 
|  58|0x0000000087000000, 0x0000000087000000, 0x0000000087100000|  0%| F|  |TAMS 0x0000000087000000, 0x0000000087000000| Untracked 
|  59|0x0000000087100000, 0x0000000087200000, 0x0000000087200000|100%| E|CS|TAMS 0x0000000087100000, 0x0000000087100000| Complete 
|  60|0x0000000087200000, 0x00000000872ea010, 0x0000000087300000| 91%| S|CS|TAMS 0x0000000087200000, 0x0000000087200000| Complete 
|  61|0x0000000087300000, 0x0000000087400000, 0x0000000087400000|100%| S|CS|TAMS 0x0000000087300000, 0x0000000087300000| Complete 
|  62|0x0000000087400000, 0x0000000087500000, 0x0000000087500000|100%| E|CS|TAMS 0x0000000087400000, 0x0000000087400000| Complete 
|  63|0x0000000087500000, 0x0000000087600000, 0x0000000087600000|100%| S|CS|TAMS 0x0000000087500000, 0x0000000087500000| Complete 
|  64|0x0000000087600000, 0x0000000087700000, 0x0000000087700000|100%| E|CS|TAMS 0x0000000087600000, 0x0000000087600000| Complete 
|  65|0x0000000087700000, 0x0000000087800000, 0x0000000087800000|100%| E|CS|TAMS 0x0000000087700000, 0x0000000087700000| Complete 
|  66|0x0000000087800000, 0x0000000087900000, 0x0000000087900000|100%| E|CS|TAMS 0x0000000087800000, 0x0000000087800000| Complete 
|  67|0x0000000087900000, 0x0000000087a00000, 0x0000000087a00000|100%| E|CS|TAMS 0x0000000087900000, 0x0000000087900000| Complete 
|  68|0x0000000087a00000, 0x0000000087b00000, 0x0000000087b00000|100%| E|CS|TAMS 0x0000000087a00000, 0x0000000087a00000| Complete 
|  69|0x0000000087b00000, 0x0000000087c00000, 0x0000000087c00000|100%| E|CS|TAMS 0x0000000087b00000, 0x0000000087b00000| Complete 
|  70|0x0000000087c00000, 0x0000000087d00000, 0x0000000087d00000|100%| E|CS|TAMS 0x0000000087c00000, 0x0000000087c00000| Complete 
|  71|0x0000000087d00000, 0x0000000087e00000, 0x0000000087e00000|100%| E|CS|TAMS 0x0000000087d00000, 0x0000000087d00000| Complete 
|  72|0x0000000087e00000, 0x0000000087f00000, 0x0000000087f00000|100%| E|CS|TAMS 0x0000000087e00000, 0x0000000087e00000| Complete 
|  73|0x0000000087f00000, 0x0000000088000000, 0x0000000088000000|100%| E|CS|TAMS 0x0000000087f00000, 0x0000000087f00000| Complete 
|  74|0x0000000088000000, 0x0000000088100000, 0x0000000088100000|100%| E|CS|TAMS 0x0000000088000000, 0x0000000088000000| Complete 
|  75|0x0000000088100000, 0x0000000088200000, 0x0000000088200000|100%| E|CS|TAMS 0x0000000088100000, 0x0000000088100000| Complete 
|  76|0x0000000088200000, 0x0000000088300000, 0x0000000088300000|100%| E|CS|TAMS 0x0000000088200000, 0x0000000088200000| Complete 
|  77|0x0000000088300000, 0x0000000088400000, 0x0000000088400000|100%| E|CS|TAMS 0x0000000088300000, 0x0000000088300000| Complete 
|  78|0x0000000088400000, 0x0000000088500000, 0x0000000088500000|100%| E|CS|TAMS 0x0000000088400000, 0x0000000088400000| Complete 
|  79|0x0000000088500000, 0x0000000088600000, 0x0000000088600000|100%| E|CS|TAMS 0x0000000088500000, 0x0000000088500000| Complete 
|  80|0x0000000088600000, 0x0000000088700000, 0x0000000088700000|100%| E|CS|TAMS 0x0000000088600000, 0x0000000088600000| Complete 
|  81|0x0000000088700000, 0x0000000088800000, 0x0000000088800000|100%| E|CS|TAMS 0x0000000088700000, 0x0000000088700000| Complete 
|  82|0x0000000088800000, 0x0000000088900000, 0x0000000088900000|100%| E|CS|TAMS 0x0000000088800000, 0x0000000088800000| Complete 
|  83|0x0000000088900000, 0x0000000088a00000, 0x0000000088a00000|100%| E|CS|TAMS 0x0000000088900000, 0x0000000088900000| Complete 
|  84|0x0000000088a00000, 0x0000000088b00000, 0x0000000088b00000|100%| E|CS|TAMS 0x0000000088a00000, 0x0000000088a00000| Complete 
|  85|0x0000000088b00000, 0x0000000088c00000, 0x0000000088c00000|100%| E|CS|TAMS 0x0000000088b00000, 0x0000000088b00000| Complete 
|  86|0x0000000088c00000, 0x0000000088d00000, 0x0000000088d00000|100%| E|CS|TAMS 0x0000000088c00000, 0x0000000088c00000| Complete 
|  87|0x0000000088d00000, 0x0000000088e00000, 0x0000000088e00000|100%| E|CS|TAMS 0x0000000088d00000, 0x0000000088d00000| Complete 
|  88|0x0000000088e00000, 0x0000000088f00000, 0x0000000088f00000|100%| E|CS|TAMS 0x0000000088e00000, 0x0000000088e00000| Complete 
|  89|0x0000000088f00000, 0x0000000089000000, 0x0000000089000000|100%| E|CS|TAMS 0x0000000088f00000, 0x0000000088f00000| Complete 
|  90|0x0000000089000000, 0x0000000089100000, 0x0000000089100000|100%| E|CS|TAMS 0x0000000089000000, 0x0000000089000000| Complete 
|  91|0x0000000089100000, 0x0000000089200000, 0x0000000089200000|100%| E|CS|TAMS 0x0000000089100000, 0x0000000089100000| Complete 
|  92|0x0000000089200000, 0x0000000089300000, 0x0000000089300000|100%| E|CS|TAMS 0x0000000089200000, 0x0000000089200000| Complete 
|  93|0x0000000089300000, 0x0000000089400000, 0x0000000089400000|100%| E|CS|TAMS 0x0000000089300000, 0x0000000089300000| Complete 
|  94|0x0000000089400000, 0x0000000089500000, 0x0000000089500000|100%| E|CS|TAMS 0x0000000089400000, 0x0000000089400000| Complete 
|  95|0x0000000089500000, 0x0000000089600000, 0x0000000089600000|100%| E|CS|TAMS 0x0000000089500000, 0x0000000089500000| Complete 
|  96|0x0000000089600000, 0x0000000089700000, 0x0000000089700000|100%| E|CS|TAMS 0x0000000089600000, 0x0000000089600000| Complete 
|  97|0x0000000089700000, 0x0000000089800000, 0x0000000089800000|100%| E|CS|TAMS 0x0000000089700000, 0x0000000089700000| Complete 
|  98|0x0000000089800000, 0x0000000089900000, 0x0000000089900000|100%| E|CS|TAMS 0x0000000089800000, 0x0000000089800000| Complete 
|  99|0x0000000089900000, 0x0000000089a00000, 0x0000000089a00000|100%| E|CS|TAMS 0x0000000089900000, 0x0000000089900000| Complete 
| 100|0x0000000089a00000, 0x0000000089b00000, 0x0000000089b00000|100%| E|CS|TAMS 0x0000000089a00000, 0x0000000089a00000| Complete 
| 101|0x0000000089b00000, 0x0000000089c00000, 0x0000000089c00000|100%| E|CS|TAMS 0x0000000089b00000, 0x0000000089b00000| Complete 
| 102|0x0000000089c00000, 0x0000000089d00000, 0x0000000089d00000|100%| E|CS|TAMS 0x0000000089c00000, 0x0000000089c00000| Complete 
| 103|0x0000000089d00000, 0x0000000089e00000, 0x0000000089e00000|100%| E|CS|TAMS 0x0000000089d00000, 0x0000000089d00000| Complete 
| 104|0x0000000089e00000, 0x0000000089f00000, 0x0000000089f00000|100%| E|CS|TAMS 0x0000000089e00000, 0x0000000089e00000| Complete 
| 105|0x0000000089f00000, 0x000000008a000000, 0x000000008a000000|100%| E|CS|TAMS 0x0000000089f00000, 0x0000000089f00000| Complete 
| 125|0x000000008b300000, 0x000000008b400000, 0x000000008b400000|100%| E|CS|TAMS 0x000000008b300000, 0x000000008b300000| Complete 

Card table byte_map: [0x0000024896290000,0x0000024896680000] _byte_map_base: 0x0000024895e75000

Marking Bits (Prev, Next): (CMBitMap*) 0x000002488b559350, (CMBitMap*) 0x000002488b559390
 Prev Bits: [0x0000024896a70000, 0x0000024898998000)
 Next Bits: [0x00000248989a0000, 0x000002489a8c8000)

Polling page: 0x000002488acb0000

Metaspace:

Usage:
  Non-class:     59.23 MB used.
      Class:     10.23 MB used.
       Both:     69.46 MB used.

Virtual space:
  Non-class space:       64.00 MB reserved,      59.56 MB ( 93%) committed,  1 nodes.
      Class space:        1.00 GB reserved,      10.50 MB (  1%) committed,  1 nodes.
             Both:        1.06 GB reserved,      70.06 MB (  6%) committed. 

Chunk freelists:
   Non-Class:  3.80 MB
       Class:  5.50 MB
        Both:  9.30 MB

MaxMetaspaceSize: unlimited
CompressedClassSpaceSize: 1.00 GB
Initial GC threshold: 21.00 MB
Current GC threshold: 101.69 MB
CDS: on
MetaspaceReclaimPolicy: balanced
 - commit_granule_bytes: 65536.
 - commit_granule_words: 8192.
 - virtual_space_node_default_size: 8388608.
 - enlarge_chunks_in_place: 1.
 - new_chunks_are_fully_committed: 0.
 - uncommit_free_chunks: 1.
 - use_allocation_guard: 0.
 - handle_deallocations: 1.


Internal statistics:

num_allocs_failed_limit: 12.
num_arena_births: 932.
num_arena_deaths: 0.
num_vsnodes_births: 2.
num_vsnodes_deaths: 0.
num_space_committed: 1121.
num_space_uncommitted: 0.
num_chunks_returned_to_freelist: 12.
num_chunks_taken_from_freelist: 3465.
num_chunk_merges: 12.
num_chunk_splits: 2520.
num_chunks_enlarged: 1918.
num_inconsistent_stats: 0.

CodeCache: size=49152Kb used=12765Kb max_used=13886Kb free=36386Kb
 bounds [0x0000024892d90000, 0x0000024893b20000, 0x0000024895d90000]
 total_blobs=7775 nmethods=7081 adapters=619
 compilation: enabled
              stopped_count=0, restarted_count=0
 full_count=0

Compilation events (20 events):
Event: 6.680 Thread 0x000002489d531fe0 7074       1       javax.management.ObjectName::construct (1135 bytes)
Event: 6.680 Thread 0x000002489d534520 7075       1       jdk.internal.event.Event::<init> (5 bytes)
Event: 6.680 Thread 0x000002489cd648b0 7076   !   1       java.io.ObjectInputStream::filterCheck (369 bytes)
Event: 6.680 Thread 0x000002489d544a50 7077       1       java.io.ObjectInputStream$BlockDataInputStream::getBytesRead (8 bytes)
Event: 6.681 Thread 0x000002489d534520 nmethod 7075 0x0000024893b1a810 code [0x0000024893b1a9a0, 0x0000024893b1aa58]
Event: 6.681 Thread 0x000002489d534520 7078       1       jdk.internal.event.DeserializationEvent::<init> (5 bytes)
Event: 6.681 Thread 0x000002489d544a50 nmethod 7077 0x0000024893b1ab10 code [0x0000024893b1aca0, 0x0000024893b1ad78]
Event: 6.681 Thread 0x000002489d534520 nmethod 7078 0x0000024893b1ae10 code [0x0000024893b1afa0, 0x0000024893b1b058]
Event: 6.682 Thread 0x000002489cd648b0 nmethod 7076 0x0000024893b1b110 code [0x0000024893b1b340, 0x0000024893b1ba28]
Event: 6.683 Thread 0x000002489d534520 7079       1       java.io.Bits::getInt (43 bytes)
Event: 6.684 Thread 0x000002489d534520 nmethod 7079 0x0000024893b1bd90 code [0x0000024893b1bf20, 0x0000024893b1c038]
Event: 6.684 Thread 0x000002489d531fe0 nmethod 7074 0x0000024893b1c110 code [0x0000024893b1c540, 0x0000024893b1e788]
Event: 11.309 Thread 0x000002489d531fe0 7080       1       java.io.File::getName (42 bytes)
Event: 11.309 Thread 0x000002489d531fe0 nmethod 7080 0x0000024892fa5f90 code [0x0000024892fa6160, 0x0000024892fa6378]
Event: 15.060 Thread 0x000002489d531fe0 7081       1       java.util.logging.Logger::setLogManager (6 bytes)
Event: 15.060 Thread 0x000002489cd648b0 7082       1       java.util.logging.LogManager$LoggerWeakRef::setNode (6 bytes)
Event: 15.060 Thread 0x000002489d531fe0 nmethod 7081 0x0000024892fa5390 code [0x0000024892fa5520, 0x0000024892fa5638]
Event: 15.060 Thread 0x000002489cd648b0 nmethod 7082 0x0000024892fa5090 code [0x0000024892fa5220, 0x0000024892fa5338]
Event: 15.061 Thread 0x000002489cd648b0 7083       1       java.util.logging.LogManager$LoggerWeakRef::setParentRef (6 bytes)
Event: 15.061 Thread 0x000002489cd648b0 nmethod 7083 0x0000024892fa4d90 code [0x0000024892fa4f20, 0x0000024892fa5038]

GC Heap History (20 events):
Event: 2.352 GC heap before
{Heap before GC invocations=8 (full 0):
 garbage-first heap   total 91136K, used 57229K [0x0000000083600000, 0x0000000100000000)
  region size 1024K, 31 young (31744K), 3 survivors (3072K)
 Metaspace       used 35455K, committed 35968K, reserved 1114112K
  class space    used 4917K, committed 5184K, reserved 1048576K
}
Event: 2.355 GC heap after
{Heap after GC invocations=9 (full 0):
 garbage-first heap   total 91136K, used 31095K [0x0000000083600000, 0x0000000100000000)
  region size 1024K, 4 young (4096K), 4 survivors (4096K)
 Metaspace       used 35455K, committed 35968K, reserved 1114112K
  class space    used 4917K, committed 5184K, reserved 1048576K
}
Event: 3.786 GC heap before
{Heap before GC invocations=10 (full 0):
 garbage-first heap   total 91136K, used 64887K [0x0000000083600000, 0x0000000100000000)
  region size 1024K, 37 young (37888K), 4 survivors (4096K)
 Metaspace       used 45060K, committed 45568K, reserved 1114112K
  class space    used 6308K, committed 6592K, reserved 1048576K
}
Event: 3.790 GC heap after
{Heap after GC invocations=11 (full 0):
 garbage-first heap   total 91136K, used 33483K [0x0000000083600000, 0x0000000100000000)
  region size 1024K, 5 young (5120K), 5 survivors (5120K)
 Metaspace       used 45060K, committed 45568K, reserved 1114112K
  class space    used 6308K, committed 6592K, reserved 1048576K
}
Event: 4.118 GC heap before
{Heap before GC invocations=11 (full 0):
 garbage-first heap   total 91136K, used 66251K [0x0000000083600000, 0x0000000100000000)
  region size 1024K, 37 young (37888K), 5 survivors (5120K)
 Metaspace       used 53266K, committed 53824K, reserved 1114112K
  class space    used 7596K, committed 7872K, reserved 1048576K
}
Event: 4.121 GC heap after
{Heap after GC invocations=12 (full 0):
 garbage-first heap   total 91136K, used 34592K [0x0000000083600000, 0x0000000100000000)
  region size 1024K, 4 young (4096K), 4 survivors (4096K)
 Metaspace       used 53266K, committed 53824K, reserved 1114112K
  class space    used 7596K, committed 7872K, reserved 1048576K
}
Event: 4.417 GC heap before
{Heap before GC invocations=12 (full 0):
 garbage-first heap   total 91136K, used 68384K [0x0000000083600000, 0x0000000100000000)
  region size 1024K, 37 young (37888K), 4 survivors (4096K)
 Metaspace       used 58334K, committed 58880K, reserved 1114112K
  class space    used 8292K, committed 8576K, reserved 1048576K
}
Event: 4.421 GC heap after
{Heap after GC invocations=13 (full 0):
 garbage-first heap   total 91136K, used 36346K [0x0000000083600000, 0x0000000100000000)
  region size 1024K, 4 young (4096K), 4 survivors (4096K)
 Metaspace       used 58334K, committed 58880K, reserved 1114112K
  class space    used 8292K, committed 8576K, reserved 1048576K
}
Event: 4.522 GC heap before
{Heap before GC invocations=13 (full 0):
 garbage-first heap   total 91136K, used 45562K [0x0000000083600000, 0x0000000100000000)
  region size 1024K, 14 young (14336K), 4 survivors (4096K)
 Metaspace       used 59697K, committed 60288K, reserved 1114112K
  class space    used 8532K, committed 8832K, reserved 1048576K
}
Event: 4.526 GC heap after
{Heap after GC invocations=14 (full 0):
 garbage-first heap   total 91136K, used 37465K [0x0000000083600000, 0x0000000100000000)
  region size 1024K, 3 young (3072K), 3 survivors (3072K)
 Metaspace       used 59697K, committed 60288K, reserved 1114112K
  class space    used 8532K, committed 8832K, reserved 1048576K
}
Event: 4.726 GC heap before
{Heap before GC invocations=15 (full 0):
 garbage-first heap   total 91136K, used 70233K [0x0000000083600000, 0x0000000100000000)
  region size 1024K, 35 young (35840K), 3 survivors (3072K)
 Metaspace       used 61804K, committed 62464K, reserved 1114112K
  class space    used 9030K, committed 9344K, reserved 1048576K
}
Event: 4.729 GC heap after
{Heap after GC invocations=16 (full 0):
 garbage-first heap   total 109568K, used 41115K [0x0000000083600000, 0x0000000100000000)
  region size 1024K, 5 young (5120K), 5 survivors (5120K)
 Metaspace       used 61804K, committed 62464K, reserved 1114112K
  class space    used 9030K, committed 9344K, reserved 1048576K
}
Event: 4.887 GC heap before
{Heap before GC invocations=17 (full 0):
 garbage-first heap   total 109568K, used 84123K [0x0000000083600000, 0x0000000100000000)
  region size 1024K, 47 young (48128K), 5 survivors (5120K)
 Metaspace       used 63525K, committed 64192K, reserved 1114112K
  class space    used 9406K, committed 9728K, reserved 1048576K
}
Event: 4.889 GC heap after
{Heap after GC invocations=18 (full 0):
 garbage-first heap   total 109568K, used 40490K [0x0000000083600000, 0x0000000100000000)
  region size 1024K, 2 young (2048K), 2 survivors (2048K)
 Metaspace       used 63525K, committed 64192K, reserved 1114112K
  class space    used 9406K, committed 9728K, reserved 1048576K
}
Event: 4.957 GC heap before
{Heap before GC invocations=18 (full 0):
 garbage-first heap   total 109568K, used 84522K [0x0000000083600000, 0x0000000100000000)
  region size 1024K, 45 young (46080K), 2 survivors (2048K)
 Metaspace       used 63536K, committed 64192K, reserved 1114112K
  class space    used 9406K, committed 9728K, reserved 1048576K
}
Event: 4.959 GC heap after
{Heap after GC invocations=19 (full 0):
 garbage-first heap   total 109568K, used 40827K [0x0000000083600000, 0x0000000100000000)
  region size 1024K, 3 young (3072K), 3 survivors (3072K)
 Metaspace       used 63536K, committed 64192K, reserved 1114112K
  class space    used 9406K, committed 9728K, reserved 1048576K
}
Event: 5.148 GC heap before
{Heap before GC invocations=19 (full 0):
 garbage-first heap   total 109568K, used 85883K [0x0000000083600000, 0x0000000100000000)
  region size 1024K, 47 young (48128K), 3 survivors (3072K)
 Metaspace       used 65548K, committed 66176K, reserved 1114112K
  class space    used 9680K, committed 9984K, reserved 1048576K
}
Event: 5.151 GC heap after
{Heap after GC invocations=20 (full 0):
 garbage-first heap   total 109568K, used 43249K [0x0000000083600000, 0x0000000100000000)
  region size 1024K, 5 young (5120K), 5 survivors (5120K)
 Metaspace       used 65548K, committed 66176K, reserved 1114112K
  class space    used 9680K, committed 9984K, reserved 1048576K
}
Event: 5.277 GC heap before
{Heap before GC invocations=20 (full 0):
 garbage-first heap   total 109568K, used 87281K [0x0000000083600000, 0x0000000100000000)
  region size 1024K, 48 young (49152K), 5 survivors (5120K)
 Metaspace       used 66135K, committed 66688K, reserved 1114112K
  class space    used 9778K, committed 10048K, reserved 1048576K
}
Event: 5.279 GC heap after
{Heap after GC invocations=21 (full 0):
 garbage-first heap   total 109568K, used 42983K [0x0000000083600000, 0x0000000100000000)
  region size 1024K, 3 young (3072K), 3 survivors (3072K)
 Metaspace       used 66135K, committed 66688K, reserved 1114112K
  class space    used 9778K, committed 10048K, reserved 1048576K
}

Deoptimization events (2 events):
Event: 1.709 Thread 0x00000248e3a4bd50 DEOPT PACKING pc=0x000002489356156c sp=0x000000de9acfba60
Event: 1.709 Thread 0x00000248e3a4bd50 DEOPT UNPACKING pc=0x0000024892de66e3 sp=0x000000de9acfaf18 mode 0

Classes unloaded (0 events):
No events

Classes redefined (0 events):
No events

Internal exceptions (20 events):
Event: 5.011 Thread 0x00000248e3a4bd50 Exception <a 'java/lang/NoSuchMethodError'{0x0000000089cfeec0}: 'int java.lang.invoke.DirectMethodHandle$Holder.invokeStaticInit(java.lang.Object, int, java.lang.Object, java.lang.Object, java.lang.Object, java.lang.Object)'> (0x0000000089cfeec0) 
thrown [s\open\src\hotspot\share\interpreter\linkResolver.cpp, line 759]
Event: 5.039 Thread 0x00000248e3a4bd50 Exception <a 'java/lang/reflect/InvocationTargetException'{0x00000000899ae330}> (0x00000000899ae330) 
thrown [s\open\src\hotspot\share\runtime\reflection.cpp, line 1121]
Event: 5.041 Thread 0x00000248e3a4bd50 Exception <a 'java/lang/reflect/InvocationTargetException'{0x00000000899c55d0}> (0x00000000899c55d0) 
thrown [s\open\src\hotspot\share\runtime\reflection.cpp, line 1121]
Event: 5.041 Thread 0x00000248e3a4bd50 Exception <a 'java/lang/reflect/InvocationTargetException'{0x00000000899d0fe8}> (0x00000000899d0fe8) 
thrown [s\open\src\hotspot\share\runtime\reflection.cpp, line 1121]
Event: 5.042 Thread 0x00000248e3a4bd50 Exception <a 'java/lang/reflect/InvocationTargetException'{0x00000000899dedb8}> (0x00000000899dedb8) 
thrown [s\open\src\hotspot\share\runtime\reflection.cpp, line 1121]
Event: 5.044 Thread 0x00000248e3a4bd50 Exception <a 'java/lang/reflect/InvocationTargetException'{0x00000000899fad08}> (0x00000000899fad08) 
thrown [s\open\src\hotspot\share\runtime\reflection.cpp, line 1121]
Event: 5.052 Thread 0x00000248e3a4bd50 Exception <a 'java/lang/reflect/InvocationTargetException'{0x000000008971a200}> (0x000000008971a200) 
thrown [s\open\src\hotspot\share\runtime\reflection.cpp, line 1121]
Event: 5.054 Thread 0x00000248e3a4bd50 Exception <a 'java/lang/reflect/InvocationTargetException'{0x00000000897754b8}> (0x00000000897754b8) 
thrown [s\open\src\hotspot\share\runtime\reflection.cpp, line 1121]
Event: 5.064 Thread 0x00000248e3a4bd50 Exception <a 'java/lang/reflect/InvocationTargetException'{0x00000000892ec3d8}> (0x00000000892ec3d8) 
thrown [s\open\src\hotspot\share\runtime\reflection.cpp, line 1121]
Event: 5.066 Thread 0x00000248e3a4bd50 Exception <a 'java/lang/reflect/InvocationTargetException'{0x00000000892fc7b0}> (0x00000000892fc7b0) 
thrown [s\open\src\hotspot\share\runtime\reflection.cpp, line 1121]
Event: 5.074 Thread 0x00000248e3a4bd50 Exception <a 'java/lang/reflect/InvocationTargetException'{0x0000000089020e10}> (0x0000000089020e10) 
thrown [s\open\src\hotspot\share\runtime\reflection.cpp, line 1121]
Event: 5.078 Thread 0x00000248e3a4bd50 Exception <a 'java/lang/reflect/InvocationTargetException'{0x0000000088f6c7a0}> (0x0000000088f6c7a0) 
thrown [s\open\src\hotspot\share\runtime\reflection.cpp, line 1121]
Event: 5.112 Thread 0x00000248e3a4bd50 Exception <a 'java/lang/NoSuchMethodError'{0x0000000088b32bb0}: 'java.lang.Object java.lang.invoke.DirectMethodHandle$Holder.invokeInterface(java.lang.Object, java.lang.Object, int)'> (0x0000000088b32bb0) 
thrown [s\open\src\hotspot\share\interpreter\linkResolver.cpp, line 759]
Event: 5.218 Thread 0x00000248e3a26de0 Exception <a 'java/lang/reflect/InvocationTargetException'{0x0000000087a01b90}> (0x0000000087a01b90) 
thrown [s\open\src\hotspot\share\runtime\reflection.cpp, line 1121]
Event: 5.230 Thread 0x00000248e3a4bd50 Exception <a 'sun/nio/fs/WindowsException'{0x0000000087ab47a0}> (0x0000000087ab47a0) 
thrown [s\open\src\hotspot\share\prims\jni.cpp, line 516]
Event: 5.438 Thread 0x00000248e3a4bd50 Exception <a 'java/lang/IncompatibleClassChangeError'{0x0000000089164c68}: Found class java.lang.Object, but interface was expected> (0x0000000089164c68) 
thrown [s\open\src\hotspot\share\interpreter\linkResolver.cpp, line 826]
Event: 5.528 Thread 0x00000248e3a4bd50 Exception <a 'java/lang/IncompatibleClassChangeError'{0x00000000889fb5f8}: Found class java.lang.Object, but interface was expected> (0x00000000889fb5f8) 
thrown [s\open\src\hotspot\share\interpreter\linkResolver.cpp, line 826]
Event: 5.583 Thread 0x00000248e3a4bd50 Exception <a 'java/lang/NoSuchMethodError'{0x00000000881610c0}: 'java.lang.Object java.lang.invoke.DirectMethodHandle$Holder.invokeSpecial(java.lang.Object, java.lang.Object, java.lang.Object, java.lang.Object, java.lang.Object, java.lang.Object, java.lang.Object, java.lang.Object, java.lang.Object, java.lang.Object, java.lang.Object)'> (0x00000000881610c0) 
thrown [s\open\src\hotspot\share\interpreter\linkResolver.cpp, line 759]
Event: 5.583 Thread 0x00000248e3a4bd50 Exception <a 'java/lang/NoSuchMethodError'{0x00000000881654f0}: 'java.lang.Object java.lang.invoke.Invokers$Holder.invoke_MT(java.lang.Object, java.lang.Object, java.lang.Object, java.lang.Object, java.lang.Object, java.lang.Object, java.lang.Object, java.lang.Object, java.lang.Object, java.lang.Object, java.lang.Object)'> (0x00000000881654f0) 
thrown [s\open\src\hotspot\share\interpreter\linkResolver.cpp, line 759]
Event: 5.642 Thread 0x00000248e3a4bd50 Exception <a 'java/lang/NoSuchMethodError'{0x0000000087df8210}: 'java.lang.Object java.lang.invoke.DirectMethodHandle$Holder.newInvokeSpecial(java.lang.Object, java.lang.Object, int, java.lang.Object, java.lang.Object)'> (0x0000000087df8210) 
thrown [s\open\src\hotspot\share\interpreter\linkResolver.cpp, line 759]

VM Operations (20 events):
Event: 4.959 Executing VM operation: G1CollectForAllocation done
Event: 5.148 Executing VM operation: G1CollectForAllocation
Event: 5.151 Executing VM operation: G1CollectForAllocation done
Event: 5.276 Executing VM operation: G1CollectForAllocation
Event: 5.279 Executing VM operation: G1CollectForAllocation done
Event: 5.357 Executing VM operation: HandshakeAllThreads
Event: 5.357 Executing VM operation: HandshakeAllThreads done
Event: 5.406 Executing VM operation: HandshakeAllThreads
Event: 5.406 Executing VM operation: HandshakeAllThreads done
Event: 5.406 Executing VM operation: HandshakeAllThreads
Event: 5.406 Executing VM operation: HandshakeAllThreads done
Event: 5.464 Executing VM operation: HandshakeAllThreads
Event: 5.464 Executing VM operation: HandshakeAllThreads done
Event: 5.464 Executing VM operation: HandshakeAllThreads
Event: 5.465 Executing VM operation: HandshakeAllThreads done
Event: 5.641 Executing VM operation: HandshakeAllThreads
Event: 5.641 Executing VM operation: HandshakeAllThreads done
Event: 6.643 Executing VM operation: Cleanup
Event: 6.644 Executing VM operation: Cleanup done
Event: 16.825 Executing VM operation: G1CollectForAllocation

Events (20 events):
Event: 14.013 loading class java/nio/channels/WritePendingException
Event: 14.013 loading class java/nio/channels/WritePendingException done
Event: 14.017 loading class java/util/concurrent/Semaphore
Event: 14.018 loading class java/util/concurrent/Semaphore done
Event: 14.018 loading class java/util/concurrent/Semaphore$NonfairSync
Event: 14.018 loading class java/util/concurrent/Semaphore$Sync
Event: 14.018 loading class java/util/concurrent/Semaphore$Sync done
Event: 14.018 loading class java/util/concurrent/Semaphore$NonfairSync done
Event: 14.018 loading class sun/nio/ch/SocketAdaptor
Event: 14.018 loading class sun/nio/ch/SocketAdaptor done
Event: 14.019 loading class sun/nio/ch/SocketChannelImpl$DefaultOptionsHolder
Event: 14.019 loading class sun/nio/ch/SocketChannelImpl$DefaultOptionsHolder done
Event: 14.019 loading class sun/nio/ch/SelectionKeyImpl
Event: 14.019 loading class java/nio/channels/spi/AbstractSelectionKey
Event: 14.019 loading class java/nio/channels/SelectionKey
Event: 14.019 loading class java/nio/channels/SelectionKey done
Event: 14.019 loading class java/nio/channels/spi/AbstractSelectionKey done
Event: 14.019 loading class sun/nio/ch/SelectionKeyImpl done
Event: 14.019 loading class java/lang/invoke/ConstantBootstraps
Event: 14.020 loading class java/lang/invoke/ConstantBootstraps done


Dynamic libraries:
0x00007ff719b10000 - 0x00007ff719b20000 	C:\Program Files\Java\jdk-17\bin\javaw.exe
0x00007ffdef100000 - 0x00007ffdef360000 	C:\WINDOWS\SYSTEM32\ntdll.dll
0x00007ffdee6c0000 - 0x00007ffdee787000 	C:\WINDOWS\System32\KERNEL32.DLL
0x00007ffdecaa0000 - 0x00007ffdece6b000 	C:\WINDOWS\System32\KERNELBASE.dll
0x00007ffdec950000 - 0x00007ffdeca9b000 	C:\WINDOWS\System32\ucrtbase.dll
0x00007ffde46c0000 - 0x00007ffde46db000 	C:\Program Files\Java\jdk-17\bin\VCRUNTIME140.dll
0x00007ffde4600000 - 0x00007ffde4619000 	C:\Program Files\Java\jdk-17\bin\jli.dll
0x00007ffdee820000 - 0x00007ffdee8d3000 	C:\WINDOWS\System32\ADVAPI32.dll
0x00007ffdeda80000 - 0x00007ffdedb29000 	C:\WINDOWS\System32\msvcrt.dll
0x00007ffdef010000 - 0x00007ffdef0b6000 	C:\WINDOWS\System32\sechost.dll
0x00007ffdeebf0000 - 0x00007ffdeed06000 	C:\WINDOWS\System32\RPCRT4.dll
0x00007ffdecf00000 - 0x00007ffded0cc000 	C:\WINDOWS\System32\USER32.dll
0x00007ffdec670000 - 0x00007ffdec697000 	C:\WINDOWS\System32\win32u.dll
0x00007ffdd0e80000 - 0x00007ffdd1117000 	C:\WINDOWS\WinSxS\amd64_microsoft.windows.common-controls_6595b64144ccf1df_6.0.26100.3624_none_3e086962e3345f24\COMCTL32.dll
0x00007ffdee250000 - 0x00007ffdee27a000 	C:\WINDOWS\System32\GDI32.dll
0x00007ffdec6a0000 - 0x00007ffdec7d1000 	C:\WINDOWS\System32\gdi32full.dll
0x00007ffdec3a0000 - 0x00007ffdec443000 	C:\WINDOWS\System32\msvcp_win.dll
0x00007ffddad80000 - 0x00007ffddad8b000 	C:\WINDOWS\SYSTEM32\VERSION.dll
0x00007ffdee610000 - 0x00007ffdee63f000 	C:\WINDOWS\System32\IMM32.DLL
0x00007ffde7200000 - 0x00007ffde720c000 	C:\Program Files\Java\jdk-17\bin\vcruntime140_1.dll
0x00007ffdd4c30000 - 0x00007ffdd4cbe000 	C:\Program Files\Java\jdk-17\bin\msvcp140.dll
0x00007ffd9a0f0000 - 0x00007ffd9accf000 	C:\Program Files\Java\jdk-17\bin\server\jvm.dll
0x00007ffdeef50000 - 0x00007ffdeef58000 	C:\WINDOWS\System32\PSAPI.DLL
0x00007ffdd8a50000 - 0x00007ffdd8a86000 	C:\WINDOWS\SYSTEM32\WINMM.dll
0x00007ffde7140000 - 0x00007ffde714a000 	C:\WINDOWS\SYSTEM32\WSOCK32.dll
0x00007ffdee990000 - 0x00007ffdeea04000 	C:\WINDOWS\System32\WS2_32.dll
0x00007ffdeb210000 - 0x00007ffdeb22a000 	C:\WINDOWS\SYSTEM32\kernel.appcore.dll
0x00007ffde46f0000 - 0x00007ffde46fa000 	C:\Program Files\Java\jdk-17\bin\jimage.dll
0x00007ffde95c0000 - 0x00007ffde9801000 	C:\WINDOWS\SYSTEM32\DBGHELP.DLL
0x00007ffdee280000 - 0x00007ffdee603000 	C:\WINDOWS\System32\combase.dll
0x00007ffded980000 - 0x00007ffdeda56000 	C:\WINDOWS\System32\OLEAUT32.dll
0x00007ffdcd480000 - 0x00007ffdcd4b9000 	C:\WINDOWS\SYSTEM32\dbgcore.DLL
0x00007ffdec450000 - 0x00007ffdec4e9000 	C:\WINDOWS\System32\bcryptPrimitives.dll
0x00007ffddda90000 - 0x00007ffdddab5000 	C:\Program Files\Java\jdk-17\bin\java.dll
0x00007ffdd4b50000 - 0x00007ffdd4c27000 	C:\Program Files\Java\jdk-17\bin\jsvml.dll
0x00007ffded0e0000 - 0x00007ffded809000 	C:\WINDOWS\System32\SHELL32.dll
0x00007ffdec7e0000 - 0x00007ffdec948000 	C:\WINDOWS\System32\wintypes.dll
0x00007ffde9fa0000 - 0x00007ffdea7f2000 	C:\WINDOWS\SYSTEM32\windows.storage.dll
0x00007ffdedb30000 - 0x00007ffdedc1d000 	C:\WINDOWS\System32\SHCORE.dll
0x00007ffdee650000 - 0x00007ffdee6b4000 	C:\WINDOWS\System32\shlwapi.dll
0x00007ffdec1f0000 - 0x00007ffdec21f000 	C:\WINDOWS\SYSTEM32\profapi.dll
0x00007ffdddf30000 - 0x00007ffdddf49000 	C:\Program Files\Java\jdk-17\bin\net.dll
0x00007ffdde230000 - 0x00007ffdde34d000 	C:\WINDOWS\SYSTEM32\WINHTTP.dll
0x00007ffdeb730000 - 0x00007ffdeb79a000 	C:\WINDOWS\system32\mswsock.dll
0x00007ffddda70000 - 0x00007ffddda86000 	C:\Program Files\Java\jdk-17\bin\nio.dll
0x00007ffddc330000 - 0x00007ffddc348000 	C:\Program Files\Java\jdk-17\bin\zip.dll
0x00007ffddddf0000 - 0x00007ffddddfa000 	C:\Program Files\Java\jdk-17\bin\management.dll
0x00007ffddc2c0000 - 0x00007ffddc2cb000 	C:\Program Files\Java\jdk-17\bin\management_ext.dll
0x00007ffdc26d0000 - 0x00007ffdc26e8000 	C:\WINDOWS\system32\napinsp.dll
0x00007ffdeac80000 - 0x00007ffdeada5000 	C:\WINDOWS\SYSTEM32\DNSAPI.dll
0x00007ffdeac40000 - 0x00007ffdeac73000 	C:\WINDOWS\SYSTEM32\IPHLPAPI.DLL
0x00007ffded0d0000 - 0x00007ffded0da000 	C:\WINDOWS\System32\NSI.dll
0x00007ffdc25e0000 - 0x00007ffdc25f2000 	C:\WINDOWS\System32\winrnr.dll
0x00007ffdc2530000 - 0x00007ffdc2560000 	C:\WINDOWS\system32\nlansp_c.dll
0x00007ffdc2510000 - 0x00007ffdc2526000 	C:\WINDOWS\system32\wshbth.dll
0x00007ffddc8b0000 - 0x00007ffddc8bb000 	C:\Windows\System32\rasadhlp.dll
0x00007ffde3c00000 - 0x00007ffde3c85000 	C:\WINDOWS\System32\fwpuclnt.dll
0x00007ffdeb9d0000 - 0x00007ffdeb9ec000 	C:\WINDOWS\SYSTEM32\CRYPTSP.dll
0x00007ffdeb170000 - 0x00007ffdeb1aa000 	C:\WINDOWS\system32\rsaenh.dll
0x00007ffdeb7d0000 - 0x00007ffdeb7fb000 	C:\WINDOWS\SYSTEM32\USERENV.dll
0x00007ffdebc10000 - 0x00007ffdebc36000 	C:\WINDOWS\SYSTEM32\bcrypt.dll
0x00007ffdeb9f0000 - 0x00007ffdeb9fc000 	C:\WINDOWS\SYSTEM32\CRYPTBASE.dll
0x00007ffde2600000 - 0x00007ffde261f000 	C:\WINDOWS\SYSTEM32\dhcpcsvc6.DLL
0x00007ffde25d0000 - 0x00007ffde25f5000 	C:\WINDOWS\SYSTEM32\dhcpcsvc.DLL
0x00007ffddc2b0000 - 0x00007ffddc2be000 	C:\Program Files\Java\jdk-17\bin\sunmscapi.dll
0x00007ffdec4f0000 - 0x00007ffdec667000 	C:\WINDOWS\System32\CRYPT32.dll
0x00007ffdebbd0000 - 0x00007ffdebc00000 	C:\WINDOWS\SYSTEM32\ncrypt.dll
0x00007ffdebb80000 - 0x00007ffdebbbf000 	C:\WINDOWS\SYSTEM32\NTASN1.dll
0x00007ffddc270000 - 0x00007ffddc280000 	C:\Program Files\Java\jdk-17\bin\verify.dll
0x00007ffdddbb0000 - 0x00007ffdddbb8000 	C:\WINDOWS\system32\wshunix.dll

dbghelp: loaded successfully - version: 4.0.5 - missing functions: none
symbol engine: initialized successfully - sym options: 0x614 - pdb path: .;C:\Program Files\Java\jdk-17\bin;C:\WINDOWS\SYSTEM32;C:\WINDOWS\WinSxS\amd64_microsoft.windows.common-controls_6595b64144ccf1df_6.0.26100.3624_none_3e086962e3345f24;C:\Program Files\Java\jdk-17\bin\server

VM Arguments:
jvm_args: -Dcom.sun.management.jmxremote -Dcom.sun.management.jmxremote.port=60807 -Dcom.sun.management.jmxremote.authenticate=false -Dcom.sun.management.jmxremote.ssl=false -Djava.rmi.server.hostname=localhost -Dspring.jmx.enabled=true -Dmanagement.endpoints.jmx.exposure.include=* -Dspring.application.admin.enabled=true -XX:TieredStopAtLevel=1 -Dspring.boot.project.name=ShoppingWebsite -Dfile.encoding=UTF-8 -Dstdout.encoding=UTF-8 -Dstderr.encoding=UTF-8 -XX:+ShowCodeDetailsInExceptionMessages 
java_command: poly.edu.Ps39199NguyenNhutKhaAssignmentApplication --spring.output.ansi.enabled=always
java_class_path (initial): D:\SOF3041\git\ShoppingWebsite\target\classes;C:\Users\Mr Loc\.m2\repository\org\springframework\boot\spring-boot-starter-thymeleaf\3.4.1\spring-boot-starter-thymeleaf-3.4.1.jar;C:\Users\Mr Loc\.m2\repository\org\springframework\boot\spring-boot-starter\3.4.1\spring-boot-starter-3.4.1.jar;C:\Users\Mr Loc\.m2\repository\org\springframework\boot\spring-boot-starter-logging\3.4.1\spring-boot-starter-logging-3.4.1.jar;C:\Users\Mr Loc\.m2\repository\ch\qos\logback\logback-classic\1.5.12\logback-classic-1.5.12.jar;C:\Users\Mr Loc\.m2\repository\ch\qos\logback\logback-core\1.5.12\logback-core-1.5.12.jar;C:\Users\Mr Loc\.m2\repository\org\apache\logging\log4j\log4j-to-slf4j\2.24.3\log4j-to-slf4j-2.24.3.jar;C:\Users\Mr Loc\.m2\repository\org\slf4j\jul-to-slf4j\2.0.16\jul-to-slf4j-2.0.16.jar;C:\Users\Mr Loc\.m2\repository\jakarta\annotation\jakarta.annotation-api\2.1.1\jakarta.annotation-api-2.1.1.jar;C:\Users\Mr Loc\.m2\repository\org\yaml\snakeyaml\2.3\snakeyaml-2.3.jar;C:\Users\Mr Loc\.m2\repository\org\thymeleaf\thymeleaf-spring6\3.1.3.RELEASE\thymeleaf-spring6-3.1.3.RELEASE.jar;C:\Users\Mr Loc\.m2\repository\org\thymeleaf\thymeleaf\3.1.3.RELEASE\thymeleaf-3.1.3.RELEASE.jar;C:\Users\Mr Loc\.m2\repository\org\attoparser\attoparser\2.0.7.RELEASE\attoparser-2.0.7.RELEASE.jar;C:\Users\Mr Loc\.m2\repository\org\unbescape\unbescape\1.1.6.RELEASE\unbescape-1.1.6.RELEASE.jar;C:\Users\Mr Loc\.m2\repository\org\springframework\boot\spring-boot-starter-data-jpa\3.4.1\spring-boot-starter-data-jpa-3.4.1.jar;C:\Users\Mr Loc\.m2\repository\org\springframework\boot\spring-boot-starter-jdbc\3.4.1\spring-boot-starter-jdbc-3.4.1.jar;C:\Users\Mr Loc\.m2\repository\com\zaxxer\HikariCP\5.1.0\HikariCP-5.1.0.jar;C:\Users\Mr Loc\.m2\repository\org\springframework\spring-jdbc\6.2.1\spring-jdbc-6.2.1.jar;C:\Users\Mr Loc\.m2\repository\org\hibernate\orm\hibernate-core\6.6.4.Final\hibernate-core-6.6.4.Final.jar;C:\Users\Mr Loc\.m2\repository\jakarta\persistence\jakarta.pe
Launcher Type: SUN_STANDARD

[Global flags]
     intx CICompilerCount                          = 4                                         {product} {ergonomic}
     uint ConcGCThreads                            = 2                                         {product} {ergonomic}
     uint G1ConcRefinementThreads                  = 8                                         {product} {ergonomic}
   size_t G1HeapRegionSize                         = 1048576                                   {product} {ergonomic}
    uintx GCDrainStackTargetSize                   = 64                                        {product} {ergonomic}
   size_t InitialHeapSize                          = 132120576                                 {product} {ergonomic}
     bool ManagementServer                         = true                                      {product} {command line}
   size_t MarkStackSize                            = 4194304                                   {product} {ergonomic}
   size_t MaxHeapSize                              = 2090860544                                {product} {ergonomic}
   size_t MaxNewSize                               = 1254096896                                {product} {ergonomic}
   size_t MinHeapDeltaBytes                        = 1048576                                   {product} {ergonomic}
   size_t MinHeapSize                              = 8388608                                   {product} {ergonomic}
    uintx NonProfiledCodeHeapSize                  = 0                                      {pd product} {ergonomic}
     bool ProfileInterpreter                       = false                                  {pd product} {command line}
    uintx ProfiledCodeHeapSize                     = 0                                      {pd product} {ergonomic}
     bool ShowCodeDetailsInExceptionMessages       = true                                   {manageable} {command line}
   size_t SoftMaxHeapSize                          = 2090860544                             {manageable} {ergonomic}
     intx TieredStopAtLevel                        = 1                                         {product} {command line}
     bool UseCompressedClassPointers               = true                           {product lp64_product} {ergonomic}
     bool UseCompressedOops                        = true                           {product lp64_product} {ergonomic}
     bool UseG1GC                                  = true                                      {product} {ergonomic}
     bool UseLargePagesIndividualAllocation        = false                                  {pd product} {ergonomic}

Logging:
Log output configuration:
 #0: stdout all=warning uptime,level,tags
 #1: stderr all=off uptime,level,tags

Environment Variables:
PATH=D:/JAVA5/sts-4.27.0.RELEASE//plugins/org.eclipse.justj.openjdk.hotspot.jre.full.win32.x86_64_21.0.5.v20241023-1957/jre/bin/server;D:/JAVA5/sts-4.27.0.RELEASE//plugins/org.eclipse.justj.openjdk.hotspot.jre.full.win32.x86_64_21.0.5.v20241023-1957/jre/bin;C:\Program Files\Common Files\Oracle\Java\javapath;C:\Program Files (x86)\Common Files\Oracle\Java\javapath;C:\WINDOWS\system32;C:\WINDOWS;C:\WINDOWS\System32\Wbem;C:\WINDOWS\System32\WindowsPowerShell\v1.0\;C:\WINDOWS\System32\OpenSSH\;C:\Program Files\Microsoft SQL Server\150\Tools\Binn\;C:\Program Files\Microsoft SQL Server\Client SDK\ODBC\170\Tools\Binn\;C:\Program Files (x86)\Microsoft SQL Server\160\Tools\Binn\;C:\Program Files\Microsoft SQL Server\160\Tools\Binn\;C:\Program Files\Microsoft SQL Server\160\DTS\Binn\;C:\Program Files (x86)\Microsoft SQL Server\160\DTS\Binn\;C:\Program Files\Azure Data Studio\bin;C:\ProgramData\chocolatey\bin;C:\Program Files\dotnet\;D:\apphoc\Git\cmd;C:\Program Files\nodejs\;C:\Users\Mr Loc\AppData\Local\Microsoft\WindowsApps;C:\Program Files\Azure Data Studio\bin;C:\Users\Mr Loc\AppData\Local\Programs\Microsoft VS Code\bin;C:\Users\Mr Loc\AppData\Roaming\npm;;D:\JAVA5\sts-4.27.0.RELEASE;
USERNAME=Mr Loc
OS=Windows_NT
PROCESSOR_IDENTIFIER=Intel64 Family 6 Model 140 Stepping 1, GenuineIntel



---------------  S Y S T E M  ---------------

OS:
 Windows 11 , 64 bit Build 26100 (10.0.26100.3624)
OS uptime: 4 days 6:39 hours

CPU: total 8 (initial active 8) (4 cores per cpu, 2 threads per core) family 6 model 140 stepping 1 microcode 0x8a, cx8, cmov, fxsr, ht, mmx, 3dnowpref, sse, sse2, sse3, ssse3, sse4.1, sse4.2, popcnt, lzcnt, tsc, tscinvbit, avx, avx2, aes, erms, clmul, bmi1, bmi2, adx, avx512f, avx512dq, avx512cd, avx512bw, avx512vl, sha, fma, vzeroupper, avx512_vpopcntdq, avx512_vpclmulqdq, avx512_vaes, avx512_vnni, clflush, clflushopt, clwb, avx512_vbmi2, avx512_vbmi

Memory: 4k page, system-wide physical 7971M (839M free)
TotalPageFile size 12067M (AvailPageFile size 0M)
current process WorkingSet (physical memory assigned to process): 268M, peak: 268M
current process commit charge ("private bytes"): 312M, peak: 312M

vm_info: Java HotSpot(TM) 64-Bit Server VM (17.0.10+11-LTS-240) for windows-amd64 JRE (17.0.10+11-LTS-240), built on Dec 19 2023 21:47:25 by "mach5one" with MS VC++ 17.1 (VS2022)

END.
